Tue May  3 22:22:58 2022       
+-----------------------------------------------------------------------------+
| NVIDIA-SMI 460.32.03    Driver Version: 495.29.05    CUDA Version: 11.5     |
|-------------------------------+----------------------+----------------------+
| GPU  Name        Persistence-M| Bus-Id        Disp.A | Volatile Uncorr. ECC |
| Fan  Temp  Perf  Pwr:Usage/Cap|         Memory-Usage | GPU-Util  Compute M. |
|                               |                      |               MIG M. |
|===============================+======================+======================|
|   0  Quadro RTX 6000     On   | 00000000:03:00.0 Off |                    0 |
| N/A   31C    P8    13W / 250W |      0MiB / 22698MiB |      0%      Default |
|                               |                      |                  N/A |
+-------------------------------+----------------------+----------------------+
                                                                               
+-----------------------------------------------------------------------------+
| Processes:                                                                  |
|  GPU   GI   CI        PID   Type   Process name                  GPU Memory |
|        ID   ID                                                   Usage      |
|=============================================================================|
|  No running processes found                                                 |
+-----------------------------------------------------------------------------+
              precision    recall  f1-score   support

           0       0.39      0.19      0.25      1670
           1       0.37      0.79      0.51      1670
           2       0.33      0.13      0.18      1670

    accuracy                           0.37      5010
   macro avg       0.36      0.37      0.31      5010
weighted avg       0.36      0.37      0.31      5010

