Tue May  3 20:49:02 2022       
+-----------------------------------------------------------------------------+
| NVIDIA-SMI 460.32.03    Driver Version: 495.29.05    CUDA Version: 11.5     |
|-------------------------------+----------------------+----------------------+
| GPU  Name        Persistence-M| Bus-Id        Disp.A | Volatile Uncorr. ECC |
| Fan  Temp  Perf  Pwr:Usage/Cap|         Memory-Usage | GPU-Util  Compute M. |
|                               |                      |               MIG M. |
|===============================+======================+======================|
|   0  Quadro RTX 6000     On   | 00000000:03:00.0 Off |                    0 |
| N/A   28C    P8    13W / 250W |      0MiB / 22698MiB |      0%      Default |
|                               |                      |                  N/A |
+-------------------------------+----------------------+----------------------+
                                                                               
+-----------------------------------------------------------------------------+
| Processes:                                                                  |
|  GPU   GI   CI        PID   Type   Process name                  GPU Memory |
|        ID   ID                                                   Usage      |
|=============================================================================|
|  No running processes found                                                 |
+-----------------------------------------------------------------------------+
{'loss': 1.0911, 'learning_rate': 2e-05, 'epoch': 1.0}
              precision    recall  f1-score   support

           0       0.40      0.56      0.46       830
           1       0.45      0.54      0.49       830
           2       0.41      0.15      0.22       830

    accuracy                           0.42      2490
   macro avg       0.42      0.42      0.39      2490
weighted avg       0.42      0.42      0.39      2490

{'eval_loss': 1.0680811405181885, 'eval_accuracy': 0.41767068273092367, 'eval_runtime': 0.976, 'eval_samples_per_second': 2551.196, 'eval_steps_per_second': 20.492, 'epoch': 1.0}
{'loss': 1.0674, 'learning_rate': 2e-05, 'epoch': 2.0}
              precision    recall  f1-score   support

           0       0.45      0.37      0.41       830
           1       0.44      0.62      0.51       830
           2       0.43      0.33      0.37       830

    accuracy                           0.44      2490
   macro avg       0.44      0.44      0.43      2490
weighted avg       0.44      0.44      0.43      2490

{'eval_loss': 1.0581309795379639, 'eval_accuracy': 0.4393574297188755, 'eval_runtime': 0.9755, 'eval_samples_per_second': 2552.592, 'eval_steps_per_second': 20.503, 'epoch': 2.0}
{'loss': 1.0649, 'learning_rate': 2e-05, 'epoch': 3.0}
              precision    recall  f1-score   support

           0       0.42      0.51      0.46       830
           1       0.44      0.61      0.51       830
           2       0.44      0.18      0.26       830

    accuracy                           0.43      2490
   macro avg       0.43      0.43      0.41      2490
weighted avg       0.43      0.43      0.41      2490

{'eval_loss': 1.0543155670166016, 'eval_accuracy': 0.43453815261044176, 'eval_runtime': 0.9561, 'eval_samples_per_second': 2604.259, 'eval_steps_per_second': 20.918, 'epoch': 3.0}
{'loss': 1.0565, 'learning_rate': 2e-05, 'epoch': 4.0}
              precision    recall  f1-score   support

           0       0.45      0.36      0.40       830
           1       0.44      0.59      0.51       830
           2       0.43      0.37      0.40       830

    accuracy                           0.44      2490
   macro avg       0.44      0.44      0.44      2490
weighted avg       0.44      0.44      0.44      2490

{'eval_loss': 1.0505671501159668, 'eval_accuracy': 0.44216867469879517, 'eval_runtime': 0.956, 'eval_samples_per_second': 2604.726, 'eval_steps_per_second': 20.921, 'epoch': 4.0}
{'loss': 1.0572, 'learning_rate': 2e-05, 'epoch': 5.0}
              precision    recall  f1-score   support

           0       0.42      0.54      0.47       830
           1       0.45      0.57      0.50       830
           2       0.47      0.21      0.29       830

    accuracy                           0.44      2490
   macro avg       0.45      0.44      0.42      2490
weighted avg       0.45      0.44      0.42      2490

{'eval_loss': 1.0486220121383667, 'eval_accuracy': 0.44136546184738956, 'eval_runtime': 0.9532, 'eval_samples_per_second': 2612.136, 'eval_steps_per_second': 20.981, 'epoch': 5.0}
{'loss': 1.0513, 'learning_rate': 2e-05, 'epoch': 6.0}
              precision    recall  f1-score   support

           0       0.45      0.43      0.44       830
           1       0.45      0.59      0.51       830
           2       0.46      0.34      0.39       830

    accuracy                           0.46      2490
   macro avg       0.46      0.46      0.45      2490
weighted avg       0.46      0.46      0.45      2490

{'eval_loss': 1.0451315641403198, 'eval_accuracy': 0.45502008032128516, 'eval_runtime': 0.9606, 'eval_samples_per_second': 2592.209, 'eval_steps_per_second': 20.821, 'epoch': 6.0}
{'loss': 1.0505, 'learning_rate': 2e-05, 'epoch': 7.0}
              precision    recall  f1-score   support

           0       0.46      0.43      0.44       830
           1       0.45      0.61      0.52       830
           2       0.48      0.33      0.39       830

    accuracy                           0.46      2490
   macro avg       0.46      0.46      0.45      2490
weighted avg       0.46      0.46      0.45      2490

{'eval_loss': 1.0432071685791016, 'eval_accuracy': 0.457429718875502, 'eval_runtime': 0.9547, 'eval_samples_per_second': 2608.109, 'eval_steps_per_second': 20.949, 'epoch': 7.0}
{'loss': 1.0517, 'learning_rate': 2e-05, 'epoch': 8.0}
              precision    recall  f1-score   support

           0       0.43      0.51      0.47       830
           1       0.45      0.61      0.52       830
           2       0.49      0.23      0.32       830

    accuracy                           0.45      2490
   macro avg       0.46      0.45      0.44      2490
weighted avg       0.46      0.45      0.44      2490

{'eval_loss': 1.0421656370162964, 'eval_accuracy': 0.45220883534136547, 'eval_runtime': 0.9605, 'eval_samples_per_second': 2592.303, 'eval_steps_per_second': 20.822, 'epoch': 8.0}
{'loss': 1.051, 'learning_rate': 2e-05, 'epoch': 9.0}
              precision    recall  f1-score   support

           0       0.46      0.46      0.46       830
           1       0.46      0.59      0.51       830
           2       0.48      0.34      0.40       830

    accuracy                           0.46      2490
   macro avg       0.46      0.46      0.46      2490
weighted avg       0.46      0.46      0.46      2490

{'eval_loss': 1.0399855375289917, 'eval_accuracy': 0.46265060240963857, 'eval_runtime': 0.9561, 'eval_samples_per_second': 2604.391, 'eval_steps_per_second': 20.919, 'epoch': 9.0}
{'loss': 1.0452, 'learning_rate': 2e-05, 'epoch': 10.0}
              precision    recall  f1-score   support

           0       0.47      0.43      0.45       830
           1       0.45      0.61      0.52       830
           2       0.49      0.36      0.41       830

    accuracy                           0.47      2490
   macro avg       0.47      0.47      0.46      2490
weighted avg       0.47      0.47      0.46      2490

{'eval_loss': 1.038059949874878, 'eval_accuracy': 0.46586345381526106, 'eval_runtime': 0.9671, 'eval_samples_per_second': 2574.706, 'eval_steps_per_second': 20.68, 'epoch': 10.0}
{'loss': 1.045, 'learning_rate': 2e-05, 'epoch': 11.0}
              precision    recall  f1-score   support

           0       0.49      0.34      0.40       830
           1       0.46      0.60      0.52       830
           2       0.46      0.47      0.46       830

    accuracy                           0.47      2490
   macro avg       0.47      0.47      0.46      2490
weighted avg       0.47      0.47      0.46      2490

{'eval_loss': 1.0376774072647095, 'eval_accuracy': 0.46626506024096387, 'eval_runtime': 0.9596, 'eval_samples_per_second': 2594.707, 'eval_steps_per_second': 20.841, 'epoch': 11.0}
{'loss': 1.0481, 'learning_rate': 2e-05, 'epoch': 12.0}
              precision    recall  f1-score   support

           0       0.44      0.52      0.48       830
           1       0.45      0.62      0.52       830
           2       0.53      0.24      0.34       830

    accuracy                           0.46      2490
   macro avg       0.48      0.46      0.44      2490
weighted avg       0.48      0.46      0.44      2490

{'eval_loss': 1.0364984273910522, 'eval_accuracy': 0.4602409638554217, 'eval_runtime': 0.9557, 'eval_samples_per_second': 2605.35, 'eval_steps_per_second': 20.927, 'epoch': 12.0}
{'loss': 1.0502, 'learning_rate': 2e-05, 'epoch': 13.0}
              precision    recall  f1-score   support

           0       0.47      0.45      0.46       830
           1       0.47      0.58      0.52       830
           2       0.49      0.40      0.44       830

    accuracy                           0.48      2490
   macro avg       0.48      0.48      0.47      2490
weighted avg       0.48      0.48      0.47      2490

{'eval_loss': 1.0336878299713135, 'eval_accuracy': 0.4755020080321285, 'eval_runtime': 0.9665, 'eval_samples_per_second': 2576.381, 'eval_steps_per_second': 20.694, 'epoch': 13.0}
{'loss': 1.0401, 'learning_rate': 2e-05, 'epoch': 14.0}
              precision    recall  f1-score   support

           0       0.46      0.46      0.46       830
           1       0.45      0.63      0.52       830
           2       0.52      0.32      0.40       830

    accuracy                           0.47      2490
   macro avg       0.48      0.47      0.46      2490
weighted avg       0.48      0.47      0.46      2490

{'eval_loss': 1.0327173471450806, 'eval_accuracy': 0.46907630522088356, 'eval_runtime': 0.9771, 'eval_samples_per_second': 2548.344, 'eval_steps_per_second': 20.469, 'epoch': 14.0}
{'loss': 1.0407, 'learning_rate': 2e-05, 'epoch': 15.0}
              precision    recall  f1-score   support

           0       0.48      0.42      0.45       830
           1       0.45      0.64      0.53       830
           2       0.51      0.37      0.43       830

    accuracy                           0.48      2490
   macro avg       0.48      0.48      0.47      2490
weighted avg       0.48      0.48      0.47      2490

{'eval_loss': 1.0312187671661377, 'eval_accuracy': 0.47630522088353416, 'eval_runtime': 0.9527, 'eval_samples_per_second': 2613.498, 'eval_steps_per_second': 20.992, 'epoch': 15.0}
{'loss': 1.0347, 'learning_rate': 2e-05, 'epoch': 16.0}
              precision    recall  f1-score   support

           0       0.47      0.44      0.46       830
           1       0.46      0.64      0.53       830
           2       0.53      0.34      0.42       830

    accuracy                           0.48      2490
   macro avg       0.49      0.48      0.47      2490
weighted avg       0.49      0.48      0.47      2490

{'eval_loss': 1.0300288200378418, 'eval_accuracy': 0.47630522088353416, 'eval_runtime': 0.9617, 'eval_samples_per_second': 2589.1, 'eval_steps_per_second': 20.796, 'epoch': 16.0}
{'loss': 1.0372, 'learning_rate': 2e-05, 'epoch': 17.0}
              precision    recall  f1-score   support

           0       0.47      0.47      0.47       830
           1       0.46      0.59      0.52       830
           2       0.50      0.37      0.43       830

    accuracy                           0.47      2490
   macro avg       0.48      0.47      0.47      2490
weighted avg       0.48      0.47      0.47      2490

{'eval_loss': 1.0283182859420776, 'eval_accuracy': 0.4746987951807229, 'eval_runtime': 0.9725, 'eval_samples_per_second': 2560.509, 'eval_steps_per_second': 20.566, 'epoch': 17.0}
{'loss': 1.0374, 'learning_rate': 2e-05, 'epoch': 18.0}
              precision    recall  f1-score   support

           0       0.48      0.43      0.45       830
           1       0.46      0.61      0.53       830
           2       0.50      0.40      0.45       830

    accuracy                           0.48      2490
   macro avg       0.48      0.48      0.48      2490
weighted avg       0.48      0.48      0.48      2490

{'eval_loss': 1.0268512964248657, 'eval_accuracy': 0.4791164658634538, 'eval_runtime': 0.9584, 'eval_samples_per_second': 2597.97, 'eval_steps_per_second': 20.867, 'epoch': 18.0}
{'loss': 1.0369, 'learning_rate': 2e-05, 'epoch': 19.0}
              precision    recall  f1-score   support

           0       0.49      0.40      0.45       830
           1       0.45      0.64      0.53       830
           2       0.53      0.41      0.46       830

    accuracy                           0.48      2490
   macro avg       0.49      0.48      0.48      2490
weighted avg       0.49      0.48      0.48      2490

{'eval_loss': 1.0261287689208984, 'eval_accuracy': 0.4847389558232932, 'eval_runtime': 0.9532, 'eval_samples_per_second': 2612.336, 'eval_steps_per_second': 20.983, 'epoch': 19.0}
{'loss': 1.0364, 'learning_rate': 2e-05, 'epoch': 20.0}
              precision    recall  f1-score   support

           0       0.49      0.45      0.47       830
           1       0.47      0.62      0.53       830
           2       0.53      0.39      0.45       830

    accuracy                           0.49      2490
   macro avg       0.49      0.49      0.48      2490
weighted avg       0.49      0.49      0.48      2490

{'eval_loss': 1.024714469909668, 'eval_accuracy': 0.4883534136546185, 'eval_runtime': 0.9552, 'eval_samples_per_second': 2606.839, 'eval_steps_per_second': 20.938, 'epoch': 20.0}
{'loss': 1.033, 'learning_rate': 2e-05, 'epoch': 21.0}
              precision    recall  f1-score   support

           0       0.47      0.49      0.48       830
           1       0.46      0.63      0.53       830
           2       0.57      0.33      0.42       830

    accuracy                           0.49      2490
   macro avg       0.50      0.49      0.48      2490
weighted avg       0.50      0.49      0.48      2490

{'eval_loss': 1.0240304470062256, 'eval_accuracy': 0.4855421686746988, 'eval_runtime': 0.9605, 'eval_samples_per_second': 2592.426, 'eval_steps_per_second': 20.823, 'epoch': 21.0}
{'loss': 1.0313, 'learning_rate': 2e-05, 'epoch': 22.0}
              precision    recall  f1-score   support

           0       0.50      0.37      0.43       830
           1       0.46      0.62      0.53       830
           2       0.50      0.46      0.48       830

    accuracy                           0.48      2490
   macro avg       0.49      0.48      0.48      2490
weighted avg       0.49      0.48      0.48      2490

{'eval_loss': 1.0227562189102173, 'eval_accuracy': 0.4839357429718876, 'eval_runtime': 0.9554, 'eval_samples_per_second': 2606.128, 'eval_steps_per_second': 20.933, 'epoch': 22.0}
{'loss': 1.0301, 'learning_rate': 2e-05, 'epoch': 23.0}
              precision    recall  f1-score   support

           0       0.48      0.46      0.47       830
           1       0.46      0.63      0.53       830
           2       0.55      0.37      0.44       830

    accuracy                           0.49      2490
   macro avg       0.50      0.49      0.48      2490
weighted avg       0.50      0.49      0.48      2490

{'eval_loss': 1.021531581878662, 'eval_accuracy': 0.4867469879518072, 'eval_runtime': 0.9604, 'eval_samples_per_second': 2592.734, 'eval_steps_per_second': 20.825, 'epoch': 23.0}
{'loss': 1.0307, 'learning_rate': 2e-05, 'epoch': 24.0}
              precision    recall  f1-score   support

           0       0.48      0.50      0.49       830
           1       0.47      0.59      0.52       830
           2       0.55      0.38      0.45       830

    accuracy                           0.49      2490
   macro avg       0.50      0.49      0.49      2490
weighted avg       0.50      0.49      0.49      2490

{'eval_loss': 1.0201923847198486, 'eval_accuracy': 0.4907630522088353, 'eval_runtime': 0.9698, 'eval_samples_per_second': 2567.601, 'eval_steps_per_second': 20.623, 'epoch': 24.0}
{'loss': 1.0281, 'learning_rate': 2e-05, 'epoch': 25.0}
              precision    recall  f1-score   support

           0       0.50      0.37      0.43       830
           1       0.46      0.63      0.53       830
           2       0.51      0.46      0.49       830

    accuracy                           0.49      2490
   macro avg       0.49      0.49      0.48      2490
weighted avg       0.49      0.49      0.48      2490

{'eval_loss': 1.0195298194885254, 'eval_accuracy': 0.4883534136546185, 'eval_runtime': 0.9537, 'eval_samples_per_second': 2610.766, 'eval_steps_per_second': 20.97, 'epoch': 25.0}
{'loss': 1.0311, 'learning_rate': 2e-05, 'epoch': 26.0}
              precision    recall  f1-score   support

           0       0.48      0.50      0.49       830
           1       0.46      0.64      0.54       830
           2       0.59      0.36      0.44       830

    accuracy                           0.50      2490
   macro avg       0.51      0.50      0.49      2490
weighted avg       0.51      0.50      0.49      2490

{'eval_loss': 1.0185455083847046, 'eval_accuracy': 0.4963855421686747, 'eval_runtime': 0.9618, 'eval_samples_per_second': 2588.808, 'eval_steps_per_second': 20.794, 'epoch': 26.0}
{'loss': 1.0298, 'learning_rate': 2e-05, 'epoch': 27.0}
              precision    recall  f1-score   support

           0       0.50      0.39      0.44       830
           1       0.47      0.60      0.53       830
           2       0.50      0.48      0.49       830

    accuracy                           0.49      2490
   macro avg       0.49      0.49      0.49      2490
weighted avg       0.49      0.49      0.49      2490

{'eval_loss': 1.017497181892395, 'eval_accuracy': 0.4891566265060241, 'eval_runtime': 0.9521, 'eval_samples_per_second': 2615.254, 'eval_steps_per_second': 21.006, 'epoch': 27.0}
{'loss': 1.0281, 'learning_rate': 2e-05, 'epoch': 28.0}
              precision    recall  f1-score   support

           0       0.49      0.50      0.49       830
           1       0.47      0.62      0.54       830
           2       0.58      0.38      0.46       830

    accuracy                           0.50      2490
   macro avg       0.51      0.50      0.50      2490
weighted avg       0.51      0.50      0.50      2490

{'eval_loss': 1.0160609483718872, 'eval_accuracy': 0.5016064257028112, 'eval_runtime': 0.9574, 'eval_samples_per_second': 2600.692, 'eval_steps_per_second': 20.889, 'epoch': 28.0}
{'loss': 1.0275, 'learning_rate': 2e-05, 'epoch': 29.0}
              precision    recall  f1-score   support

           0       0.50      0.41      0.45       830
           1       0.46      0.64      0.54       830
           2       0.55      0.44      0.48       830

    accuracy                           0.50      2490
   macro avg       0.50      0.50      0.49      2490
weighted avg       0.50      0.50      0.49      2490

{'eval_loss': 1.0151234865188599, 'eval_accuracy': 0.4955823293172691, 'eval_runtime': 0.967, 'eval_samples_per_second': 2575.049, 'eval_steps_per_second': 20.683, 'epoch': 29.0}
{'loss': 1.0272, 'learning_rate': 2e-05, 'epoch': 30.0}
              precision    recall  f1-score   support

           0       0.50      0.43      0.47       830
           1       0.47      0.62      0.53       830
           2       0.55      0.44      0.49       830

    accuracy                           0.50      2490
   macro avg       0.51      0.50      0.50      2490
weighted avg       0.51      0.50      0.50      2490

{'eval_loss': 1.0139546394348145, 'eval_accuracy': 0.4983935742971888, 'eval_runtime': 0.9715, 'eval_samples_per_second': 2563.08, 'eval_steps_per_second': 20.587, 'epoch': 30.0}
{'loss': 1.027, 'learning_rate': 2e-05, 'epoch': 31.0}
              precision    recall  f1-score   support

           0       0.50      0.47      0.48       830
           1       0.48      0.60      0.53       830
           2       0.54      0.43      0.48       830

    accuracy                           0.50      2490
   macro avg       0.50      0.50      0.50      2490
weighted avg       0.50      0.50      0.50      2490

{'eval_loss': 1.0128974914550781, 'eval_accuracy': 0.4995983935742972, 'eval_runtime': 0.9575, 'eval_samples_per_second': 2600.619, 'eval_steps_per_second': 20.889, 'epoch': 31.0}
{'loss': 1.0231, 'learning_rate': 2e-05, 'epoch': 32.0}
              precision    recall  f1-score   support

           0       0.50      0.47      0.48       830
           1       0.47      0.63      0.54       830
           2       0.56      0.41      0.47       830

    accuracy                           0.50      2490
   macro avg       0.51      0.50      0.50      2490
weighted avg       0.51      0.50      0.50      2490

{'eval_loss': 1.0119316577911377, 'eval_accuracy': 0.5012048192771085, 'eval_runtime': 0.9608, 'eval_samples_per_second': 2591.7, 'eval_steps_per_second': 20.817, 'epoch': 32.0}
{'loss': 1.0216, 'learning_rate': 2e-05, 'epoch': 33.0}
              precision    recall  f1-score   support

           0       0.51      0.45      0.48       830
           1       0.48      0.59      0.53       830
           2       0.53      0.46      0.50       830

    accuracy                           0.50      2490
   macro avg       0.51      0.50      0.50      2490
weighted avg       0.51      0.50      0.50      2490

{'eval_loss': 1.0105887651443481, 'eval_accuracy': 0.5032128514056224, 'eval_runtime': 0.952, 'eval_samples_per_second': 2615.446, 'eval_steps_per_second': 21.008, 'epoch': 33.0}
{'loss': 1.0216, 'learning_rate': 2e-05, 'epoch': 34.0}
              precision    recall  f1-score   support

           0       0.50      0.48      0.49       830
           1       0.48      0.60      0.53       830
           2       0.55      0.44      0.49       830

    accuracy                           0.50      2490
   macro avg       0.51      0.50      0.50      2490
weighted avg       0.51      0.50      0.50      2490

{'eval_loss': 1.0097606182098389, 'eval_accuracy': 0.5044176706827309, 'eval_runtime': 0.9619, 'eval_samples_per_second': 2588.533, 'eval_steps_per_second': 20.791, 'epoch': 34.0}
{'loss': 1.0195, 'learning_rate': 2e-05, 'epoch': 35.0}
              precision    recall  f1-score   support

           0       0.49      0.50      0.49       830
           1       0.47      0.62      0.53       830
           2       0.58      0.38      0.46       830

    accuracy                           0.50      2490
   macro avg       0.51      0.50      0.49      2490
weighted avg       0.51      0.50      0.49      2490

{'eval_loss': 1.0094302892684937, 'eval_accuracy': 0.4987951807228916, 'eval_runtime': 0.9601, 'eval_samples_per_second': 2593.466, 'eval_steps_per_second': 20.831, 'epoch': 35.0}
{'loss': 1.0216, 'learning_rate': 2e-05, 'epoch': 36.0}
              precision    recall  f1-score   support

           0       0.48      0.52      0.50       830
           1       0.47      0.61      0.53       830
           2       0.59      0.36      0.44       830

    accuracy                           0.50      2490
   macro avg       0.51      0.50      0.49      2490
weighted avg       0.51      0.50      0.49      2490

{'eval_loss': 1.0090322494506836, 'eval_accuracy': 0.4967871485943775, 'eval_runtime': 0.957, 'eval_samples_per_second': 2601.858, 'eval_steps_per_second': 20.898, 'epoch': 36.0}
{'loss': 1.0198, 'learning_rate': 2e-05, 'epoch': 37.0}
              precision    recall  f1-score   support

           0       0.52      0.42      0.47       830
           1       0.47      0.62      0.54       830
           2       0.54      0.48      0.51       830

    accuracy                           0.51      2490
   macro avg       0.51      0.51      0.50      2490
weighted avg       0.51      0.51      0.50      2490

{'eval_loss': 1.0073176622390747, 'eval_accuracy': 0.5052208835341365, 'eval_runtime': 0.9447, 'eval_samples_per_second': 2635.692, 'eval_steps_per_second': 21.17, 'epoch': 37.0}
{'loss': 1.0179, 'learning_rate': 2e-05, 'epoch': 38.0}
              precision    recall  f1-score   support

           0       0.51      0.47      0.49       830
           1       0.46      0.63      0.53       830
           2       0.58      0.41      0.48       830

    accuracy                           0.50      2490
   macro avg       0.52      0.50      0.50      2490
weighted avg       0.52      0.50      0.50      2490

{'eval_loss': 1.006437063217163, 'eval_accuracy': 0.5036144578313253, 'eval_runtime': 0.9455, 'eval_samples_per_second': 2633.478, 'eval_steps_per_second': 21.152, 'epoch': 38.0}
{'loss': 1.0207, 'learning_rate': 2e-05, 'epoch': 39.0}
              precision    recall  f1-score   support

           0       0.49      0.51      0.50       830
           1       0.48      0.59      0.53       830
           2       0.56      0.41      0.47       830

    accuracy                           0.51      2490
   macro avg       0.51      0.51      0.50      2490
weighted avg       0.51      0.51      0.50      2490

{'eval_loss': 1.0055854320526123, 'eval_accuracy': 0.5052208835341365, 'eval_runtime': 0.9381, 'eval_samples_per_second': 2654.268, 'eval_steps_per_second': 21.319, 'epoch': 39.0}
{'loss': 1.0126, 'learning_rate': 2e-05, 'epoch': 40.0}
              precision    recall  f1-score   support

           0       0.52      0.45      0.48       830
           1       0.48      0.59      0.53       830
           2       0.54      0.48      0.50       830

    accuracy                           0.51      2490
   macro avg       0.51      0.51      0.51      2490
weighted avg       0.51      0.51      0.51      2490

{'eval_loss': 1.0041931867599487, 'eval_accuracy': 0.5068273092369477, 'eval_runtime': 0.9462, 'eval_samples_per_second': 2631.475, 'eval_steps_per_second': 21.136, 'epoch': 40.0}
{'loss': 1.0167, 'learning_rate': 2e-05, 'epoch': 41.0}
              precision    recall  f1-score   support

           0       0.51      0.48      0.49       830
           1       0.48      0.60      0.53       830
           2       0.56      0.45      0.50       830

    accuracy                           0.51      2490
   macro avg       0.51      0.51      0.51      2490
weighted avg       0.51      0.51      0.51      2490

{'eval_loss': 1.003117561340332, 'eval_accuracy': 0.5092369477911647, 'eval_runtime': 0.9525, 'eval_samples_per_second': 2614.166, 'eval_steps_per_second': 20.997, 'epoch': 41.0}
{'loss': 1.0151, 'learning_rate': 2e-05, 'epoch': 42.0}
              precision    recall  f1-score   support

           0       0.51      0.49      0.50       830
           1       0.48      0.62      0.54       830
           2       0.58      0.43      0.49       830

    accuracy                           0.51      2490
   macro avg       0.52      0.51      0.51      2490
weighted avg       0.52      0.51      0.51      2490

{'eval_loss': 1.002557635307312, 'eval_accuracy': 0.5136546184738956, 'eval_runtime': 0.9571, 'eval_samples_per_second': 2601.613, 'eval_steps_per_second': 20.896, 'epoch': 42.0}
{'loss': 1.0116, 'learning_rate': 2e-05, 'epoch': 43.0}
              precision    recall  f1-score   support

           0       0.50      0.52      0.51       830
           1       0.48      0.60      0.53       830
           2       0.59      0.43      0.50       830

    accuracy                           0.51      2490
   macro avg       0.52      0.51      0.51      2490
weighted avg       0.52      0.51      0.51      2490

{'eval_loss': 1.0015044212341309, 'eval_accuracy': 0.5144578313253012, 'eval_runtime': 0.944, 'eval_samples_per_second': 2637.747, 'eval_steps_per_second': 21.187, 'epoch': 43.0}
{'loss': 1.0094, 'learning_rate': 2e-05, 'epoch': 44.0}
              precision    recall  f1-score   support

           0       0.53      0.45      0.48       830
           1       0.47      0.62      0.54       830
           2       0.56      0.48      0.52       830

    accuracy                           0.51      2490
   macro avg       0.52      0.51      0.51      2490
weighted avg       0.52      0.51      0.51      2490

{'eval_loss': 1.0006217956542969, 'eval_accuracy': 0.5140562248995983, 'eval_runtime': 0.9528, 'eval_samples_per_second': 2613.227, 'eval_steps_per_second': 20.99, 'epoch': 44.0}
{'loss': 1.0131, 'learning_rate': 2e-05, 'epoch': 45.0}
              precision    recall  f1-score   support

           0       0.49      0.49      0.49       830
           1       0.47      0.65      0.54       830
           2       0.62      0.37      0.47       830

    accuracy                           0.51      2490
   macro avg       0.53      0.51      0.50      2490
weighted avg       0.53      0.51      0.50      2490

{'eval_loss': 1.001533031463623, 'eval_accuracy': 0.5060240963855421, 'eval_runtime': 0.95, 'eval_samples_per_second': 2621.037, 'eval_steps_per_second': 21.053, 'epoch': 45.0}
{'loss': 1.0151, 'learning_rate': 2e-05, 'epoch': 46.0}
              precision    recall  f1-score   support

           0       0.55      0.33      0.41       830
           1       0.48      0.60      0.53       830
           2       0.49      0.57      0.53       830

    accuracy                           0.50      2490
   macro avg       0.51      0.50      0.49      2490
weighted avg       0.51      0.50      0.49      2490

{'eval_loss': 1.0018285512924194, 'eval_accuracy': 0.4991967871485944, 'eval_runtime': 0.9464, 'eval_samples_per_second': 2630.92, 'eval_steps_per_second': 21.132, 'epoch': 46.0}
{'loss': 1.0148, 'learning_rate': 2e-05, 'epoch': 47.0}
              precision    recall  f1-score   support

           0       0.49      0.50      0.50       830
           1       0.48      0.62      0.54       830
           2       0.59      0.41      0.48       830

    accuracy                           0.51      2490
   macro avg       0.52      0.51      0.51      2490
weighted avg       0.52      0.51      0.51      2490

{'eval_loss': 0.9984804391860962, 'eval_accuracy': 0.5084337349397591, 'eval_runtime': 0.9814, 'eval_samples_per_second': 2537.21, 'eval_steps_per_second': 20.379, 'epoch': 47.0}
{'loss': 1.0114, 'learning_rate': 2e-05, 'epoch': 48.0}
              precision    recall  f1-score   support

           0       0.50      0.51      0.51       830
           1       0.48      0.61      0.54       830
           2       0.59      0.43      0.50       830

    accuracy                           0.52      2490
   macro avg       0.52      0.52      0.51      2490
weighted avg       0.52      0.52      0.51      2490

{'eval_loss': 0.9974331855773926, 'eval_accuracy': 0.5152610441767068, 'eval_runtime': 1.0167, 'eval_samples_per_second': 2449.115, 'eval_steps_per_second': 19.672, 'epoch': 48.0}
{'loss': 1.0098, 'learning_rate': 2e-05, 'epoch': 49.0}
              precision    recall  f1-score   support

           0       0.49      0.53      0.51       830
           1       0.48      0.62      0.54       830
           2       0.61      0.38      0.47       830

    accuracy                           0.51      2490
   macro avg       0.52      0.51      0.50      2490
weighted avg       0.52      0.51      0.50      2490

{'eval_loss': 0.9978959560394287, 'eval_accuracy': 0.5088353413654618, 'eval_runtime': 0.9721, 'eval_samples_per_second': 2561.539, 'eval_steps_per_second': 20.575, 'epoch': 49.0}
{'loss': 1.0065, 'learning_rate': 2e-05, 'epoch': 50.0}
              precision    recall  f1-score   support

           0       0.53      0.48      0.50       830
           1       0.49      0.57      0.53       830
           2       0.55      0.51      0.53       830

    accuracy                           0.52      2490
   macro avg       0.52      0.52      0.52      2490
weighted avg       0.52      0.52      0.52      2490

{'eval_loss': 0.9957489967346191, 'eval_accuracy': 0.5204819277108433, 'eval_runtime': 0.9552, 'eval_samples_per_second': 2606.867, 'eval_steps_per_second': 20.939, 'epoch': 50.0}
{'loss': 1.0112, 'learning_rate': 2e-05, 'epoch': 51.0}
              precision    recall  f1-score   support

           0       0.51      0.47      0.49       830
           1       0.47      0.63      0.54       830
           2       0.58      0.43      0.49       830

    accuracy                           0.51      2490
   macro avg       0.52      0.51      0.51      2490
weighted avg       0.52      0.51      0.51      2490

{'eval_loss': 0.9953946471214294, 'eval_accuracy': 0.5120481927710844, 'eval_runtime': 0.9679, 'eval_samples_per_second': 2572.709, 'eval_steps_per_second': 20.664, 'epoch': 51.0}
{'loss': 1.0039, 'learning_rate': 2e-05, 'epoch': 52.0}
              precision    recall  f1-score   support

           0       0.51      0.51      0.51       830
           1       0.48      0.59      0.53       830
           2       0.58      0.45      0.51       830

    accuracy                           0.52      2490
   macro avg       0.52      0.52      0.52      2490
weighted avg       0.52      0.52      0.52      2490

{'eval_loss': 0.9943082928657532, 'eval_accuracy': 0.516867469879518, 'eval_runtime': 0.9742, 'eval_samples_per_second': 2555.829, 'eval_steps_per_second': 20.529, 'epoch': 52.0}
{'loss': 1.0084, 'learning_rate': 2e-05, 'epoch': 53.0}
              precision    recall  f1-score   support

           0       0.53      0.45      0.49       830
           1       0.48      0.62      0.54       830
           2       0.56      0.49      0.52       830

    accuracy                           0.52      2490
   macro avg       0.53      0.52      0.52      2490
weighted avg       0.53      0.52      0.52      2490

{'eval_loss': 0.9934837818145752, 'eval_accuracy': 0.5188755020080321, 'eval_runtime': 0.9553, 'eval_samples_per_second': 2606.55, 'eval_steps_per_second': 20.936, 'epoch': 53.0}
{'loss': 1.0067, 'learning_rate': 2e-05, 'epoch': 54.0}
              precision    recall  f1-score   support

           0       0.51      0.50      0.50       830
           1       0.48      0.59      0.53       830
           2       0.57      0.46      0.51       830

    accuracy                           0.52      2490
   macro avg       0.52      0.52      0.51      2490
weighted avg       0.52      0.52      0.51      2490

{'eval_loss': 0.9926186203956604, 'eval_accuracy': 0.5152610441767068, 'eval_runtime': 0.9538, 'eval_samples_per_second': 2610.738, 'eval_steps_per_second': 20.97, 'epoch': 54.0}
{'loss': 1.0054, 'learning_rate': 2e-05, 'epoch': 55.0}
              precision    recall  f1-score   support

           0       0.53      0.48      0.51       830
           1       0.49      0.59      0.53       830
           2       0.56      0.49      0.53       830

    accuracy                           0.52      2490
   macro avg       0.53      0.52      0.52      2490
weighted avg       0.53      0.52      0.52      2490

{'eval_loss': 0.9916808009147644, 'eval_accuracy': 0.5220883534136547, 'eval_runtime': 0.9471, 'eval_samples_per_second': 2629.076, 'eval_steps_per_second': 21.117, 'epoch': 55.0}
{'loss': 1.0032, 'learning_rate': 2e-05, 'epoch': 56.0}
              precision    recall  f1-score   support

           0       0.52      0.47      0.50       830
           1       0.48      0.62      0.54       830
           2       0.57      0.47      0.52       830

    accuracy                           0.52      2490
   macro avg       0.53      0.52      0.52      2490
weighted avg       0.53      0.52      0.52      2490

{'eval_loss': 0.9911315441131592, 'eval_accuracy': 0.519277108433735, 'eval_runtime': 0.9481, 'eval_samples_per_second': 2626.304, 'eval_steps_per_second': 21.095, 'epoch': 56.0}
{'loss': 1.0111, 'learning_rate': 2e-05, 'epoch': 57.0}
              precision    recall  f1-score   support

           0       0.50      0.51      0.50       830
           1       0.48      0.61      0.54       830
           2       0.60      0.42      0.49       830

    accuracy                           0.51      2490
   macro avg       0.52      0.51      0.51      2490
weighted avg       0.52      0.51      0.51      2490

{'eval_loss': 0.9910628795623779, 'eval_accuracy': 0.51285140562249, 'eval_runtime': 0.9486, 'eval_samples_per_second': 2624.807, 'eval_steps_per_second': 21.083, 'epoch': 57.0}
{'loss': 1.0066, 'learning_rate': 2e-05, 'epoch': 58.0}
              precision    recall  f1-score   support

           0       0.51      0.52      0.51       830
           1       0.49      0.61      0.54       830
           2       0.60      0.43      0.50       830

    accuracy                           0.52      2490
   macro avg       0.53      0.52      0.52      2490
weighted avg       0.53      0.52      0.52      2490

{'eval_loss': 0.9900566935539246, 'eval_accuracy': 0.5200803212851406, 'eval_runtime': 1.0575, 'eval_samples_per_second': 2354.553, 'eval_steps_per_second': 18.912, 'epoch': 58.0}
{'loss': 1.0006, 'learning_rate': 2e-05, 'epoch': 59.0}
              precision    recall  f1-score   support

           0       0.50      0.54      0.52       830
           1       0.49      0.61      0.54       830
           2       0.62      0.40      0.49       830

    accuracy                           0.52      2490
   macro avg       0.53      0.52      0.51      2490
weighted avg       0.53      0.52      0.51      2490

{'eval_loss': 0.9901682734489441, 'eval_accuracy': 0.5172690763052209, 'eval_runtime': 0.9493, 'eval_samples_per_second': 2622.955, 'eval_steps_per_second': 21.068, 'epoch': 59.0}
{'loss': 0.9989, 'learning_rate': 2e-05, 'epoch': 60.0}
              precision    recall  f1-score   support

           0       0.53      0.47      0.50       830
           1       0.49      0.59      0.54       830
           2       0.56      0.51      0.53       830

    accuracy                           0.52      2490
   macro avg       0.53      0.52      0.52      2490
weighted avg       0.53      0.52      0.52      2490

{'eval_loss': 0.9881822466850281, 'eval_accuracy': 0.523293172690763, 'eval_runtime': 0.9462, 'eval_samples_per_second': 2631.515, 'eval_steps_per_second': 21.137, 'epoch': 60.0}
{'loss': 1.0073, 'learning_rate': 2e-05, 'epoch': 61.0}
              precision    recall  f1-score   support

           0       0.52      0.50      0.51       830
           1       0.49      0.60      0.54       830
           2       0.59      0.46      0.52       830

    accuracy                           0.52      2490
   macro avg       0.53      0.52      0.52      2490
weighted avg       0.53      0.52      0.52      2490

{'eval_loss': 0.9874769449234009, 'eval_accuracy': 0.5236947791164659, 'eval_runtime': 0.9488, 'eval_samples_per_second': 2624.317, 'eval_steps_per_second': 21.079, 'epoch': 61.0}
{'loss': 1.0034, 'learning_rate': 2e-05, 'epoch': 62.0}
              precision    recall  f1-score   support

           0       0.52      0.50      0.51       830
           1       0.49      0.60      0.54       830
           2       0.58      0.47      0.52       830

    accuracy                           0.52      2490
   macro avg       0.53      0.52      0.52      2490
weighted avg       0.53      0.52      0.52      2490

{'eval_loss': 0.9868026971817017, 'eval_accuracy': 0.5248995983935743, 'eval_runtime': 0.9435, 'eval_samples_per_second': 2638.99, 'eval_steps_per_second': 21.197, 'epoch': 62.0}
{'loss': 1.0013, 'learning_rate': 2e-05, 'epoch': 63.0}
              precision    recall  f1-score   support

           0       0.54      0.47      0.50       830
           1       0.49      0.61      0.54       830
           2       0.57      0.52      0.54       830

    accuracy                           0.53      2490
   macro avg       0.53      0.53      0.53      2490
weighted avg       0.53      0.53      0.53      2490

{'eval_loss': 0.9861416220664978, 'eval_accuracy': 0.529718875502008, 'eval_runtime': 0.9523, 'eval_samples_per_second': 2614.739, 'eval_steps_per_second': 21.002, 'epoch': 63.0}
{'loss': 0.9973, 'learning_rate': 2e-05, 'epoch': 64.0}
              precision    recall  f1-score   support

           0       0.54      0.49      0.51       830
           1       0.49      0.60      0.54       830
           2       0.58      0.50      0.54       830

    accuracy                           0.53      2490
   macro avg       0.54      0.53      0.53      2490
weighted avg       0.54      0.53      0.53      2490

{'eval_loss': 0.985150158405304, 'eval_accuracy': 0.5325301204819277, 'eval_runtime': 0.9432, 'eval_samples_per_second': 2639.921, 'eval_steps_per_second': 21.204, 'epoch': 64.0}
{'loss': 0.9986, 'learning_rate': 2e-05, 'epoch': 65.0}
              precision    recall  f1-score   support

           0       0.51      0.53      0.52       830
           1       0.49      0.60      0.54       830
           2       0.61      0.45      0.52       830

    accuracy                           0.53      2490
   macro avg       0.54      0.53      0.53      2490
weighted avg       0.54      0.53      0.53      2490

{'eval_loss': 0.9850074052810669, 'eval_accuracy': 0.5261044176706827, 'eval_runtime': 0.9621, 'eval_samples_per_second': 2588.097, 'eval_steps_per_second': 20.788, 'epoch': 65.0}
{'loss': 1.0037, 'learning_rate': 2e-05, 'epoch': 66.0}
              precision    recall  f1-score   support

           0       0.53      0.50      0.51       830
           1       0.50      0.61      0.55       830
           2       0.58      0.49      0.53       830

    accuracy                           0.53      2490
   macro avg       0.54      0.53      0.53      2490
weighted avg       0.54      0.53      0.53      2490

{'eval_loss': 0.983859658241272, 'eval_accuracy': 0.5305220883534136, 'eval_runtime': 0.9674, 'eval_samples_per_second': 2573.834, 'eval_steps_per_second': 20.673, 'epoch': 66.0}
{'loss': 0.9994, 'learning_rate': 2e-05, 'epoch': 67.0}
              precision    recall  f1-score   support

           0       0.54      0.43      0.48       830
           1       0.48      0.65      0.55       830
           2       0.58      0.49      0.53       830

    accuracy                           0.52      2490
   macro avg       0.53      0.52      0.52      2490
weighted avg       0.53      0.52      0.52      2490

{'eval_loss': 0.9840977191925049, 'eval_accuracy': 0.5240963855421686, 'eval_runtime': 0.9685, 'eval_samples_per_second': 2570.862, 'eval_steps_per_second': 20.649, 'epoch': 67.0}
{'loss': 1.0013, 'learning_rate': 2e-05, 'epoch': 68.0}
              precision    recall  f1-score   support

           0       0.51      0.52      0.51       830
           1       0.49      0.61      0.54       830
           2       0.61      0.44      0.51       830

    accuracy                           0.52      2490
   macro avg       0.53      0.52      0.52      2490
weighted avg       0.53      0.52      0.52      2490

{'eval_loss': 0.9833984375, 'eval_accuracy': 0.5240963855421686, 'eval_runtime': 0.9534, 'eval_samples_per_second': 2611.795, 'eval_steps_per_second': 20.978, 'epoch': 68.0}
{'loss': 0.9962, 'learning_rate': 2e-05, 'epoch': 69.0}
              precision    recall  f1-score   support

           0       0.56      0.44      0.49       830
           1       0.50      0.59      0.54       830
           2       0.55      0.56      0.55       830

    accuracy                           0.53      2490
   macro avg       0.54      0.53      0.53      2490
weighted avg       0.54      0.53      0.53      2490

{'eval_loss': 0.9829957485198975, 'eval_accuracy': 0.5317269076305221, 'eval_runtime': 0.9402, 'eval_samples_per_second': 2648.448, 'eval_steps_per_second': 21.273, 'epoch': 69.0}
{'loss': 1.0027, 'learning_rate': 2e-05, 'epoch': 70.0}
              precision    recall  f1-score   support

           0       0.52      0.49      0.50       830
           1       0.48      0.63      0.55       830
           2       0.60      0.44      0.51       830

    accuracy                           0.52      2490
   macro avg       0.53      0.52      0.52      2490
weighted avg       0.53      0.52      0.52      2490

{'eval_loss': 0.9822604656219482, 'eval_accuracy': 0.5216867469879518, 'eval_runtime': 0.955, 'eval_samples_per_second': 2607.385, 'eval_steps_per_second': 20.943, 'epoch': 70.0}
{'loss': 0.9985, 'learning_rate': 2e-05, 'epoch': 71.0}
              precision    recall  f1-score   support

           0       0.55      0.49      0.51       830
           1       0.51      0.57      0.54       830
           2       0.56      0.55      0.55       830

    accuracy                           0.53      2490
   macro avg       0.54      0.53      0.53      2490
weighted avg       0.54      0.53      0.53      2490

{'eval_loss': 0.981173038482666, 'eval_accuracy': 0.5345381526104418, 'eval_runtime': 0.9476, 'eval_samples_per_second': 2627.687, 'eval_steps_per_second': 21.106, 'epoch': 71.0}
{'loss': 1.0003, 'learning_rate': 2e-05, 'epoch': 72.0}
              precision    recall  f1-score   support

           0       0.52      0.49      0.51       830
           1       0.48      0.65      0.55       830
           2       0.62      0.43      0.51       830

    accuracy                           0.52      2490
   macro avg       0.54      0.52      0.52      2490
weighted avg       0.54      0.52      0.52      2490

{'eval_loss': 0.9816119074821472, 'eval_accuracy': 0.5236947791164659, 'eval_runtime': 0.942, 'eval_samples_per_second': 2643.278, 'eval_steps_per_second': 21.231, 'epoch': 72.0}
{'loss': 1.0021, 'learning_rate': 2e-05, 'epoch': 73.0}
              precision    recall  f1-score   support

           0       0.54      0.45      0.49       830
           1       0.48      0.64      0.55       830
           2       0.59      0.49      0.54       830

    accuracy                           0.53      2490
   macro avg       0.54      0.53      0.52      2490
weighted avg       0.54      0.53      0.52      2490

{'eval_loss': 0.9802014827728271, 'eval_accuracy': 0.52570281124498, 'eval_runtime': 0.9478, 'eval_samples_per_second': 2627.19, 'eval_steps_per_second': 21.102, 'epoch': 73.0}
{'loss': 1.0042, 'learning_rate': 2e-05, 'epoch': 74.0}
              precision    recall  f1-score   support

           0       0.51      0.54      0.52       830
           1       0.50      0.59      0.54       830
           2       0.60      0.45      0.52       830

    accuracy                           0.53      2490
   macro avg       0.54      0.53      0.53      2490
weighted avg       0.54      0.53      0.53      2490

{'eval_loss': 0.9801824688911438, 'eval_accuracy': 0.5289156626506024, 'eval_runtime': 0.9516, 'eval_samples_per_second': 2616.647, 'eval_steps_per_second': 21.017, 'epoch': 74.0}
{'loss': 0.993, 'learning_rate': 2e-05, 'epoch': 75.0}
              precision    recall  f1-score   support

           0       0.56      0.46      0.50       830
           1       0.49      0.62      0.55       830
           2       0.58      0.52      0.55       830

    accuracy                           0.53      2490
   macro avg       0.54      0.53      0.53      2490
weighted avg       0.54      0.53      0.53      2490

{'eval_loss': 0.9788907766342163, 'eval_accuracy': 0.5345381526104418, 'eval_runtime': 0.9414, 'eval_samples_per_second': 2644.867, 'eval_steps_per_second': 21.244, 'epoch': 75.0}
{'loss': 0.9942, 'learning_rate': 2e-05, 'epoch': 76.0}
              precision    recall  f1-score   support

           0       0.51      0.53      0.52       830
           1       0.49      0.61      0.54       830
           2       0.61      0.43      0.51       830

    accuracy                           0.53      2490
   macro avg       0.54      0.53      0.52      2490
weighted avg       0.54      0.53      0.52      2490

{'eval_loss': 0.9787929058074951, 'eval_accuracy': 0.5253012048192771, 'eval_runtime': 0.9555, 'eval_samples_per_second': 2605.975, 'eval_steps_per_second': 20.932, 'epoch': 76.0}
{'loss': 0.9996, 'learning_rate': 2e-05, 'epoch': 77.0}
              precision    recall  f1-score   support

           0       0.52      0.53      0.52       830
           1       0.49      0.61      0.55       830
           2       0.61      0.45      0.52       830

    accuracy                           0.53      2490
   macro avg       0.54      0.53      0.53      2490
weighted avg       0.54      0.53      0.53      2490

{'eval_loss': 0.9778946042060852, 'eval_accuracy': 0.5301204819277109, 'eval_runtime': 0.9516, 'eval_samples_per_second': 2616.589, 'eval_steps_per_second': 21.017, 'epoch': 77.0}
{'loss': 0.9967, 'learning_rate': 2e-05, 'epoch': 78.0}
              precision    recall  f1-score   support

           0       0.54      0.49      0.51       830
           1       0.50      0.61      0.55       830
           2       0.58      0.51      0.55       830

    accuracy                           0.54      2490
   macro avg       0.54      0.54      0.54      2490
weighted avg       0.54      0.54      0.54      2490

{'eval_loss': 0.9765344858169556, 'eval_accuracy': 0.5357429718875502, 'eval_runtime': 0.9474, 'eval_samples_per_second': 2628.276, 'eval_steps_per_second': 21.111, 'epoch': 78.0}
{'loss': 0.991, 'learning_rate': 2e-05, 'epoch': 79.0}
              precision    recall  f1-score   support

           0       0.54      0.49      0.51       830
           1       0.49      0.62      0.55       830
           2       0.59      0.50      0.54       830

    accuracy                           0.54      2490
   macro avg       0.54      0.54      0.53      2490
weighted avg       0.54      0.54      0.53      2490

{'eval_loss': 0.9760383367538452, 'eval_accuracy': 0.5353413654618474, 'eval_runtime': 0.9412, 'eval_samples_per_second': 2645.693, 'eval_steps_per_second': 21.251, 'epoch': 79.0}
{'loss': 0.9904, 'learning_rate': 2e-05, 'epoch': 80.0}
              precision    recall  f1-score   support

           0       0.52      0.51      0.51       830
           1       0.48      0.64      0.55       830
           2       0.63      0.42      0.50       830

    accuracy                           0.52      2490
   macro avg       0.54      0.52      0.52      2490
weighted avg       0.54      0.52      0.52      2490

{'eval_loss': 0.977813184261322, 'eval_accuracy': 0.5240963855421686, 'eval_runtime': 0.9586, 'eval_samples_per_second': 2597.543, 'eval_steps_per_second': 20.864, 'epoch': 80.0}
{'train_runtime': 623.1213, 'train_samples_per_second': 319.681, 'train_steps_per_second': 2.568, 'train_loss': 1.0207086861133576, 'epoch': 80.0}
              precision    recall  f1-score   support

           0       0.54      0.49      0.51       830
           1       0.49      0.62      0.55       830
           2       0.59      0.50      0.54       830

    accuracy                           0.54      2490
   macro avg       0.54      0.54      0.53      2490
weighted avg       0.54      0.54      0.53      2490

1
