Tue May  3 22:07:44 2022       
+-----------------------------------------------------------------------------+
| NVIDIA-SMI 460.32.03    Driver Version: 495.29.05    CUDA Version: 11.5     |
|-------------------------------+----------------------+----------------------+
| GPU  Name        Persistence-M| Bus-Id        Disp.A | Volatile Uncorr. ECC |
| Fan  Temp  Perf  Pwr:Usage/Cap|         Memory-Usage | GPU-Util  Compute M. |
|                               |                      |               MIG M. |
|===============================+======================+======================|
|   0  Quadro RTX 6000     On   | 00000000:03:00.0 Off |                    0 |
| N/A   28C    P8    13W / 250W |      0MiB / 22698MiB |      0%      Default |
|                               |                      |                  N/A |
+-------------------------------+----------------------+----------------------+
                                                                               
+-----------------------------------------------------------------------------+
| Processes:                                                                  |
|  GPU   GI   CI        PID   Type   Process name                  GPU Memory |
|        ID   ID                                                   Usage      |
|=============================================================================|
|  No running processes found                                                 |
+-----------------------------------------------------------------------------+
{'loss': 1.1121, 'learning_rate': 2e-05, 'epoch': 1.0}
              precision    recall  f1-score   support

           0       0.36      0.48      0.41       830
           1       0.00      0.00      0.00       830
           2       0.35      0.58      0.44       830

    accuracy                           0.35      2490
   macro avg       0.24      0.35      0.28      2490
weighted avg       0.24      0.35      0.28      2490

{'eval_loss': 1.0966614484786987, 'eval_accuracy': 0.3538152610441767, 'eval_runtime': 0.9006, 'eval_samples_per_second': 2764.941, 'eval_steps_per_second': 22.208, 'epoch': 1.0}
{'loss': 1.1032, 'learning_rate': 2e-05, 'epoch': 2.0}
              precision    recall  f1-score   support

           0       0.37      0.65      0.47       830
           1       0.42      0.41      0.41       830
           2       0.41      0.10      0.16       830

    accuracy                           0.39      2490
   macro avg       0.40      0.39      0.35      2490
weighted avg       0.40      0.39      0.35      2490

{'eval_loss': 1.0881632566452026, 'eval_accuracy': 0.38714859437751004, 'eval_runtime': 0.9015, 'eval_samples_per_second': 2762.09, 'eval_steps_per_second': 22.185, 'epoch': 2.0}
{'loss': 1.1102, 'learning_rate': 2e-05, 'epoch': 3.0}
              precision    recall  f1-score   support

           0       0.34      0.95      0.50       830
           1       0.44      0.10      0.16       830
           2       0.00      0.00      0.00       830

    accuracy                           0.35      2490
   macro avg       0.26      0.35      0.22      2490
weighted avg       0.26      0.35      0.22      2490

{'eval_loss': 1.0947059392929077, 'eval_accuracy': 0.3497991967871486, 'eval_runtime': 0.8932, 'eval_samples_per_second': 2787.768, 'eval_steps_per_second': 22.392, 'epoch': 3.0}
{'loss': 1.0969, 'learning_rate': 2e-05, 'epoch': 4.0}
              precision    recall  f1-score   support

           0       0.46      0.08      0.14       830
           1       0.44      0.11      0.18       830
           2       0.34      0.86      0.48       830

    accuracy                           0.35      2490
   macro avg       0.41      0.35      0.27      2490
weighted avg       0.41      0.35      0.27      2490

{'eval_loss': 1.0870815515518188, 'eval_accuracy': 0.3514056224899598, 'eval_runtime': 0.9002, 'eval_samples_per_second': 2766.02, 'eval_steps_per_second': 22.217, 'epoch': 4.0}
{'loss': 1.0975, 'learning_rate': 2e-05, 'epoch': 5.0}
              precision    recall  f1-score   support

           0       0.40      0.54      0.46       830
           1       0.44      0.18      0.25       830
           2       0.37      0.46      0.41       830

    accuracy                           0.39      2490
   macro avg       0.40      0.39      0.37      2490
weighted avg       0.40      0.39      0.37      2490

{'eval_loss': 1.0850263833999634, 'eval_accuracy': 0.3927710843373494, 'eval_runtime': 0.8917, 'eval_samples_per_second': 2792.412, 'eval_steps_per_second': 22.429, 'epoch': 5.0}
{'loss': 1.1017, 'learning_rate': 2e-05, 'epoch': 6.0}
              precision    recall  f1-score   support

           0       0.39      0.65      0.49       830
           1       0.44      0.37      0.40       830
           2       0.47      0.24      0.32       830

    accuracy                           0.42      2490
   macro avg       0.43      0.42      0.40      2490
weighted avg       0.43      0.42      0.40      2490

{'eval_loss': 1.0803428888320923, 'eval_accuracy': 0.41927710843373495, 'eval_runtime': 0.9039, 'eval_samples_per_second': 2754.711, 'eval_steps_per_second': 22.126, 'epoch': 6.0}
{'loss': 1.1116, 'learning_rate': 2e-05, 'epoch': 7.0}
              precision    recall  f1-score   support

           0       0.44      0.35      0.39       830
           1       0.44      0.43      0.44       830
           2       0.40      0.49      0.44       830

    accuracy                           0.42      2490
   macro avg       0.43      0.42      0.42      2490
weighted avg       0.43      0.42      0.42      2490

{'eval_loss': 1.077499508857727, 'eval_accuracy': 0.4248995983935743, 'eval_runtime': 0.91, 'eval_samples_per_second': 2736.255, 'eval_steps_per_second': 21.978, 'epoch': 7.0}
{'loss': 1.0928, 'learning_rate': 2e-05, 'epoch': 8.0}
              precision    recall  f1-score   support

           0       0.38      0.62      0.48       830
           1       0.42      0.58      0.48       830
           2       0.00      0.00      0.00       830

    accuracy                           0.40      2490
   macro avg       0.27      0.40      0.32      2490
weighted avg       0.27      0.40      0.32      2490

{'eval_loss': 1.082617998123169, 'eval_accuracy': 0.39959839357429716, 'eval_runtime': 0.8984, 'eval_samples_per_second': 2771.694, 'eval_steps_per_second': 22.263, 'epoch': 8.0}
{'loss': 1.1015, 'learning_rate': 2e-05, 'epoch': 9.0}
              precision    recall  f1-score   support

           0       0.42      0.57      0.48       830
           1       0.47      0.18      0.26       830
           2       0.39      0.49      0.43       830

    accuracy                           0.41      2490
   macro avg       0.42      0.41      0.39      2490
weighted avg       0.42      0.41      0.39      2490

{'eval_loss': 1.0858690738677979, 'eval_accuracy': 0.41204819277108434, 'eval_runtime': 0.8951, 'eval_samples_per_second': 2781.659, 'eval_steps_per_second': 22.343, 'epoch': 9.0}
{'loss': 1.0914, 'learning_rate': 2e-05, 'epoch': 10.0}
              precision    recall  f1-score   support

           0       0.48      0.29      0.36       830
           1       0.43      0.57      0.49       830
           2       0.43      0.46      0.44       830

    accuracy                           0.44      2490
   macro avg       0.45      0.44      0.43      2490
weighted avg       0.45      0.44      0.43      2490

{'eval_loss': 1.0742807388305664, 'eval_accuracy': 0.44016064257028115, 'eval_runtime': 0.9119, 'eval_samples_per_second': 2730.705, 'eval_steps_per_second': 21.933, 'epoch': 10.0}
{'loss': 1.0934, 'learning_rate': 2e-05, 'epoch': 11.0}
              precision    recall  f1-score   support

           0       0.60      0.00      0.01       830
           1       0.45      0.37      0.40       830
           2       0.35      0.77      0.49       830

    accuracy                           0.38      2490
   macro avg       0.47      0.38      0.30      2490
weighted avg       0.47      0.38      0.30      2490

{'eval_loss': 1.0820573568344116, 'eval_accuracy': 0.37991967871485943, 'eval_runtime': 0.9001, 'eval_samples_per_second': 2766.362, 'eval_steps_per_second': 22.22, 'epoch': 11.0}
{'loss': 1.0999, 'learning_rate': 2e-05, 'epoch': 12.0}
              precision    recall  f1-score   support

           0       0.38      0.67      0.48       830
           1       0.42      0.52      0.47       830
           2       0.50      0.00      0.00       830

    accuracy                           0.40      2490
   macro avg       0.43      0.40      0.32      2490
weighted avg       0.43      0.40      0.32      2490

{'eval_loss': 1.0772709846496582, 'eval_accuracy': 0.39598393574297186, 'eval_runtime': 0.901, 'eval_samples_per_second': 2763.602, 'eval_steps_per_second': 22.198, 'epoch': 12.0}
{'loss': 1.094, 'learning_rate': 2e-05, 'epoch': 13.0}
              precision    recall  f1-score   support

           0       0.37      0.71      0.48       830
           1       0.42      0.43      0.43       830
           2       0.60      0.01      0.03       830

    accuracy                           0.39      2490
   macro avg       0.46      0.39      0.31      2490
weighted avg       0.46      0.39      0.31      2490

{'eval_loss': 1.0763020515441895, 'eval_accuracy': 0.38714859437751004, 'eval_runtime': 0.894, 'eval_samples_per_second': 2785.347, 'eval_steps_per_second': 22.372, 'epoch': 13.0}
{'loss': 1.09, 'learning_rate': 2e-05, 'epoch': 14.0}
              precision    recall  f1-score   support

           0       0.43      0.48      0.45       830
           1       0.40      0.71      0.51       830
           2       0.66      0.07      0.13       830

    accuracy                           0.42      2490
   macro avg       0.50      0.42      0.37      2490
weighted avg       0.50      0.42      0.37      2490

{'eval_loss': 1.0737967491149902, 'eval_accuracy': 0.42168674698795183, 'eval_runtime': 0.8929, 'eval_samples_per_second': 2788.718, 'eval_steps_per_second': 22.399, 'epoch': 14.0}
{'loss': 1.0936, 'learning_rate': 2e-05, 'epoch': 15.0}
              precision    recall  f1-score   support

           0       0.39      0.66      0.49       830
           1       0.43      0.44      0.44       830
           2       0.53      0.15      0.23       830

    accuracy                           0.42      2490
   macro avg       0.45      0.42      0.39      2490
weighted avg       0.45      0.42      0.39      2490

{'eval_loss': 1.0740599632263184, 'eval_accuracy': 0.41726907630522087, 'eval_runtime': 0.9015, 'eval_samples_per_second': 2761.929, 'eval_steps_per_second': 22.184, 'epoch': 15.0}
{'loss': 1.0893, 'learning_rate': 2e-05, 'epoch': 16.0}
              precision    recall  f1-score   support

           0       0.47      0.39      0.43       830
           1       0.41      0.68      0.51       830
           2       0.50      0.25      0.34       830

    accuracy                           0.44      2490
   macro avg       0.46      0.44      0.42      2490
weighted avg       0.46      0.44      0.42      2490

{'eval_loss': 1.071305751800537, 'eval_accuracy': 0.44136546184738956, 'eval_runtime': 0.8954, 'eval_samples_per_second': 2780.749, 'eval_steps_per_second': 22.335, 'epoch': 16.0}
{'loss': 1.0875, 'learning_rate': 2e-05, 'epoch': 17.0}
              precision    recall  f1-score   support

           0       0.44      0.44      0.44       830
           1       0.44      0.50      0.47       830
           2       0.46      0.40      0.42       830

    accuracy                           0.45      2490
   macro avg       0.45      0.45      0.45      2490
weighted avg       0.45      0.45      0.45      2490

{'eval_loss': 1.0699118375778198, 'eval_accuracy': 0.4465863453815261, 'eval_runtime': 0.8975, 'eval_samples_per_second': 2774.354, 'eval_steps_per_second': 22.284, 'epoch': 17.0}
{'loss': 1.089, 'learning_rate': 2e-05, 'epoch': 18.0}
              precision    recall  f1-score   support

           0       0.43      0.48      0.45       830
           1       0.44      0.45      0.44       830
           2       0.45      0.38      0.41       830

    accuracy                           0.44      2490
   macro avg       0.44      0.44      0.44      2490
weighted avg       0.44      0.44      0.44      2490

{'eval_loss': 1.0707658529281616, 'eval_accuracy': 0.43775100401606426, 'eval_runtime': 0.897, 'eval_samples_per_second': 2776.066, 'eval_steps_per_second': 22.298, 'epoch': 18.0}
{'loss': 1.0843, 'learning_rate': 2e-05, 'epoch': 19.0}
              precision    recall  f1-score   support

           0       0.50      0.25      0.33       830
           1       0.40      0.76      0.52       830
           2       0.48      0.28      0.36       830

    accuracy                           0.43      2490
   macro avg       0.46      0.43      0.40      2490
weighted avg       0.46      0.43      0.40      2490

{'eval_loss': 1.0771572589874268, 'eval_accuracy': 0.43052208835341366, 'eval_runtime': 0.9023, 'eval_samples_per_second': 2759.491, 'eval_steps_per_second': 22.165, 'epoch': 19.0}
{'loss': 1.0845, 'learning_rate': 2e-05, 'epoch': 20.0}
              precision    recall  f1-score   support

           0       0.40      0.62      0.49       830
           1       0.43      0.53      0.48       830
           2       0.62      0.13      0.21       830

    accuracy                           0.43      2490
   macro avg       0.48      0.43      0.39      2490
weighted avg       0.48      0.43      0.39      2490

{'eval_loss': 1.0689722299575806, 'eval_accuracy': 0.42610441767068274, 'eval_runtime': 0.8975, 'eval_samples_per_second': 2774.496, 'eval_steps_per_second': 22.285, 'epoch': 20.0}
{'loss': 1.0921, 'learning_rate': 2e-05, 'epoch': 21.0}
              precision    recall  f1-score   support

           0       0.41      0.58      0.48       830
           1       0.43      0.55      0.48       830
           2       0.60      0.17      0.26       830

    accuracy                           0.44      2490
   macro avg       0.48      0.44      0.41      2490
weighted avg       0.48      0.44      0.41      2490

{'eval_loss': 1.0678291320800781, 'eval_accuracy': 0.4353413654618474, 'eval_runtime': 0.9029, 'eval_samples_per_second': 2757.929, 'eval_steps_per_second': 22.152, 'epoch': 21.0}
{'loss': 1.0897, 'learning_rate': 2e-05, 'epoch': 22.0}
              precision    recall  f1-score   support

           0       0.44      0.44      0.44       830
           1       0.44      0.52      0.48       830
           2       0.47      0.38      0.42       830

    accuracy                           0.45      2490
   macro avg       0.45      0.45      0.45      2490
weighted avg       0.45      0.45      0.45      2490

{'eval_loss': 1.0673681497573853, 'eval_accuracy': 0.44779116465863456, 'eval_runtime': 0.9131, 'eval_samples_per_second': 2727.088, 'eval_steps_per_second': 21.904, 'epoch': 22.0}
{'loss': 1.0929, 'learning_rate': 2e-05, 'epoch': 23.0}
              precision    recall  f1-score   support

           0       0.46      0.41      0.44       830
           1       0.41      0.73      0.52       830
           2       0.58      0.19      0.28       830

    accuracy                           0.44      2490
   macro avg       0.48      0.44      0.41      2490
weighted avg       0.48      0.44      0.41      2490

{'eval_loss': 1.070446252822876, 'eval_accuracy': 0.442570281124498, 'eval_runtime': 0.9029, 'eval_samples_per_second': 2757.765, 'eval_steps_per_second': 22.151, 'epoch': 23.0}
{'loss': 1.0857, 'learning_rate': 2e-05, 'epoch': 24.0}
              precision    recall  f1-score   support

           0       0.40      0.60      0.48       830
           1       0.42      0.59      0.49       830
           2       0.68      0.07      0.12       830

    accuracy                           0.42      2490
   macro avg       0.50      0.42      0.36      2490
weighted avg       0.50      0.42      0.36      2490

{'eval_loss': 1.0675365924835205, 'eval_accuracy': 0.42008032128514056, 'eval_runtime': 0.9039, 'eval_samples_per_second': 2754.63, 'eval_steps_per_second': 22.126, 'epoch': 24.0}
{'loss': 1.085, 'learning_rate': 2e-05, 'epoch': 25.0}
              precision    recall  f1-score   support

           0       0.46      0.43      0.44       830
           1       0.44      0.56      0.49       830
           2       0.47      0.38      0.42       830

    accuracy                           0.46      2490
   macro avg       0.46      0.46      0.45      2490
weighted avg       0.46      0.46      0.45      2490

{'eval_loss': 1.0655534267425537, 'eval_accuracy': 0.45542168674698796, 'eval_runtime': 0.905, 'eval_samples_per_second': 2751.53, 'eval_steps_per_second': 22.101, 'epoch': 25.0}
{'loss': 1.0832, 'learning_rate': 2e-05, 'epoch': 26.0}
              precision    recall  f1-score   support

           0       0.40      0.57      0.47       830
           1       0.41      0.63      0.50       830
           2       0.75      0.05      0.09       830

    accuracy                           0.41      2490
   macro avg       0.52      0.41      0.35      2490
weighted avg       0.52      0.41      0.35      2490

{'eval_loss': 1.0670963525772095, 'eval_accuracy': 0.41244979919678715, 'eval_runtime': 0.8999, 'eval_samples_per_second': 2767.049, 'eval_steps_per_second': 22.225, 'epoch': 26.0}
{'loss': 1.0857, 'learning_rate': 2e-05, 'epoch': 27.0}
              precision    recall  f1-score   support

           0       0.44      0.45      0.45       830
           1       0.41      0.70      0.51       830
           2       0.61      0.16      0.25       830

    accuracy                           0.44      2490
   macro avg       0.49      0.44      0.40      2490
weighted avg       0.49      0.44      0.40      2490

{'eval_loss': 1.0671864748001099, 'eval_accuracy': 0.4357429718875502, 'eval_runtime': 0.8934, 'eval_samples_per_second': 2787.24, 'eval_steps_per_second': 22.387, 'epoch': 27.0}
{'loss': 1.0863, 'learning_rate': 2e-05, 'epoch': 28.0}
              precision    recall  f1-score   support

           0       0.43      0.52      0.47       830
           1       0.43      0.58      0.50       830
           2       0.58      0.25      0.34       830

    accuracy                           0.45      2490
   macro avg       0.48      0.45      0.44      2490
weighted avg       0.48      0.45      0.44      2490

{'eval_loss': 1.063718557357788, 'eval_accuracy': 0.4493975903614458, 'eval_runtime': 0.9013, 'eval_samples_per_second': 2762.603, 'eval_steps_per_second': 22.19, 'epoch': 28.0}
{'loss': 1.0805, 'learning_rate': 2e-05, 'epoch': 29.0}
              precision    recall  f1-score   support

           0       0.44      0.46      0.45       830
           1       0.43      0.61      0.51       830
           2       0.55      0.29      0.38       830

    accuracy                           0.45      2490
   macro avg       0.47      0.45      0.44      2490
weighted avg       0.47      0.45      0.44      2490

{'eval_loss': 1.063163161277771, 'eval_accuracy': 0.4534136546184739, 'eval_runtime': 0.9213, 'eval_samples_per_second': 2702.592, 'eval_steps_per_second': 21.708, 'epoch': 29.0}
{'loss': 1.086, 'learning_rate': 2e-05, 'epoch': 30.0}
              precision    recall  f1-score   support

           0       0.49      0.39      0.43       830
           1       0.41      0.71      0.52       830
           2       0.55      0.25      0.35       830

    accuracy                           0.45      2490
   macro avg       0.48      0.45      0.43      2490
weighted avg       0.48      0.45      0.43      2490

{'eval_loss': 1.0668318271636963, 'eval_accuracy': 0.45140562248995986, 'eval_runtime': 0.9479, 'eval_samples_per_second': 2626.811, 'eval_steps_per_second': 21.099, 'epoch': 30.0}
{'loss': 1.0812, 'learning_rate': 2e-05, 'epoch': 31.0}
              precision    recall  f1-score   support

           0       0.43      0.53      0.47       830
           1       0.44      0.53      0.48       830
           2       0.55      0.30      0.39       830

    accuracy                           0.46      2490
   macro avg       0.47      0.46      0.45      2490
weighted avg       0.47      0.46      0.45      2490

{'eval_loss': 1.0632884502410889, 'eval_accuracy': 0.4562248995983936, 'eval_runtime': 0.8991, 'eval_samples_per_second': 2769.352, 'eval_steps_per_second': 22.244, 'epoch': 31.0}
{'loss': 1.0925, 'learning_rate': 2e-05, 'epoch': 32.0}
              precision    recall  f1-score   support

           0       0.46      0.45      0.45       830
           1       0.44      0.59      0.50       830
           2       0.52      0.35      0.42       830

    accuracy                           0.46      2490
   macro avg       0.47      0.46      0.46      2490
weighted avg       0.47      0.46      0.46      2490

{'eval_loss': 1.061692237854004, 'eval_accuracy': 0.46224899598393576, 'eval_runtime': 0.9034, 'eval_samples_per_second': 2756.206, 'eval_steps_per_second': 22.138, 'epoch': 32.0}
{'loss': 1.081, 'learning_rate': 2e-05, 'epoch': 33.0}
              precision    recall  f1-score   support

           0       0.44      0.50      0.46       830
           1       0.44      0.58      0.50       830
           2       0.55      0.30      0.39       830

    accuracy                           0.46      2490
   macro avg       0.48      0.46      0.45      2490
weighted avg       0.48      0.46      0.45      2490

{'eval_loss': 1.0610971450805664, 'eval_accuracy': 0.45823293172690766, 'eval_runtime': 0.9128, 'eval_samples_per_second': 2727.805, 'eval_steps_per_second': 21.91, 'epoch': 33.0}
{'loss': 1.0841, 'learning_rate': 2e-05, 'epoch': 34.0}
              precision    recall  f1-score   support

           0       0.41      0.56      0.47       830
           1       0.42      0.61      0.50       830
           2       0.71      0.12      0.21       830

    accuracy                           0.43      2490
   macro avg       0.51      0.43      0.39      2490
weighted avg       0.51      0.43      0.39      2490

{'eval_loss': 1.0619138479232788, 'eval_accuracy': 0.4321285140562249, 'eval_runtime': 0.9004, 'eval_samples_per_second': 2765.344, 'eval_steps_per_second': 22.212, 'epoch': 34.0}
{'loss': 1.0805, 'learning_rate': 2e-05, 'epoch': 35.0}
              precision    recall  f1-score   support

           0       0.45      0.47      0.46       830
           1       0.44      0.57      0.50       830
           2       0.53      0.35      0.42       830

    accuracy                           0.47      2490
   macro avg       0.48      0.47      0.46      2490
weighted avg       0.48      0.47      0.46      2490

{'eval_loss': 1.0603671073913574, 'eval_accuracy': 0.46586345381526106, 'eval_runtime': 0.9182, 'eval_samples_per_second': 2711.915, 'eval_steps_per_second': 21.782, 'epoch': 35.0}
{'loss': 1.0896, 'learning_rate': 2e-05, 'epoch': 36.0}
              precision    recall  f1-score   support

           0       0.41      0.53      0.46       830
           1       0.41      0.67      0.51       830
           2       0.81      0.04      0.08       830

    accuracy                           0.41      2490
   macro avg       0.54      0.41      0.35      2490
weighted avg       0.54      0.41      0.35      2490

{'eval_loss': 1.0653818845748901, 'eval_accuracy': 0.41485943775100403, 'eval_runtime': 0.8947, 'eval_samples_per_second': 2782.918, 'eval_steps_per_second': 22.353, 'epoch': 36.0}
{'loss': 1.0854, 'learning_rate': 2e-05, 'epoch': 37.0}
              precision    recall  f1-score   support

           0       0.49      0.35      0.41       830
           1       0.46      0.49      0.47       830
           2       0.44      0.52      0.48       830

    accuracy                           0.46      2490
   macro avg       0.46      0.46      0.45      2490
weighted avg       0.46      0.46      0.45      2490

{'eval_loss': 1.0622895956039429, 'eval_accuracy': 0.45502008032128516, 'eval_runtime': 0.8967, 'eval_samples_per_second': 2776.806, 'eval_steps_per_second': 22.304, 'epoch': 37.0}
{'loss': 1.073, 'learning_rate': 2e-05, 'epoch': 38.0}
              precision    recall  f1-score   support

           0       0.51      0.29      0.37       830
           1       0.45      0.53      0.49       830
           2       0.44      0.55      0.49       830

    accuracy                           0.46      2490
   macro avg       0.47      0.46      0.45      2490
weighted avg       0.47      0.46      0.45      2490

{'eval_loss': 1.0618211030960083, 'eval_accuracy': 0.45823293172690766, 'eval_runtime': 0.9052, 'eval_samples_per_second': 2750.89, 'eval_steps_per_second': 22.096, 'epoch': 38.0}
{'loss': 1.0882, 'learning_rate': 2e-05, 'epoch': 39.0}
              precision    recall  f1-score   support

           0       0.42      0.53      0.47       830
           1       0.41      0.67      0.51       830
           2       0.73      0.08      0.14       830

    accuracy                           0.42      2490
   macro avg       0.52      0.42      0.37      2490
weighted avg       0.52      0.42      0.37      2490

{'eval_loss': 1.0622528791427612, 'eval_accuracy': 0.42369477911646586, 'eval_runtime': 0.8948, 'eval_samples_per_second': 2782.686, 'eval_steps_per_second': 22.351, 'epoch': 39.0}
{'loss': 1.085, 'learning_rate': 2e-05, 'epoch': 40.0}
              precision    recall  f1-score   support

           0       0.42      0.55      0.48       830
           1       0.44      0.58      0.50       830
           2       0.60      0.22      0.33       830

    accuracy                           0.45      2490
   macro avg       0.49      0.45      0.43      2490
weighted avg       0.49      0.45      0.43      2490

{'eval_loss': 1.0594754219055176, 'eval_accuracy': 0.4493975903614458, 'eval_runtime': 0.9025, 'eval_samples_per_second': 2759.058, 'eval_steps_per_second': 22.161, 'epoch': 40.0}
{'loss': 1.0792, 'learning_rate': 2e-05, 'epoch': 41.0}
              precision    recall  f1-score   support

           0       0.48      0.40      0.44       830
           1       0.45      0.50      0.48       830
           2       0.46      0.50      0.48       830

    accuracy                           0.47      2490
   macro avg       0.47      0.47      0.46      2490
weighted avg       0.47      0.47      0.46      2490

{'eval_loss': 1.0606276988983154, 'eval_accuracy': 0.46546184738955826, 'eval_runtime': 0.9068, 'eval_samples_per_second': 2745.894, 'eval_steps_per_second': 22.055, 'epoch': 41.0}
{'loss': 1.0875, 'learning_rate': 2e-05, 'epoch': 42.0}
              precision    recall  f1-score   support

           0       0.41      0.54      0.47       830
           1       0.42      0.64      0.51       830
           2       0.73      0.12      0.20       830

    accuracy                           0.43      2490
   macro avg       0.52      0.43      0.39      2490
weighted avg       0.52      0.43      0.39      2490

{'eval_loss': 1.0602473020553589, 'eval_accuracy': 0.43453815261044176, 'eval_runtime': 1.0131, 'eval_samples_per_second': 2457.911, 'eval_steps_per_second': 19.742, 'epoch': 42.0}
{'loss': 1.0793, 'learning_rate': 2e-05, 'epoch': 43.0}
              precision    recall  f1-score   support

           0       0.41      0.55      0.47       830
           1       0.42      0.63      0.50       830
           2       0.71      0.12      0.21       830

    accuracy                           0.43      2490
   macro avg       0.51      0.43      0.39      2490
weighted avg       0.51      0.43      0.39      2490

{'eval_loss': 1.0597822666168213, 'eval_accuracy': 0.4321285140562249, 'eval_runtime': 0.9027, 'eval_samples_per_second': 2758.292, 'eval_steps_per_second': 22.155, 'epoch': 43.0}
{'loss': 1.0819, 'learning_rate': 2e-05, 'epoch': 44.0}
              precision    recall  f1-score   support

           0       0.42      0.52      0.47       830
           1       0.42      0.65      0.51       830
           2       0.68      0.16      0.26       830

    accuracy                           0.44      2490
   macro avg       0.51      0.44      0.41      2490
weighted avg       0.51      0.44      0.41      2490

{'eval_loss': 1.0587772130966187, 'eval_accuracy': 0.44176706827309237, 'eval_runtime': 0.8998, 'eval_samples_per_second': 2767.208, 'eval_steps_per_second': 22.227, 'epoch': 44.0}
{'loss': 1.0833, 'learning_rate': 2e-05, 'epoch': 45.0}
              precision    recall  f1-score   support

           0       0.47      0.41      0.44       830
           1       0.42      0.65      0.51       830
           2       0.55      0.32      0.40       830

    accuracy                           0.46      2490
   macro avg       0.48      0.46      0.45      2490
weighted avg       0.48      0.46      0.45      2490

{'eval_loss': 1.0579906702041626, 'eval_accuracy': 0.46184738955823296, 'eval_runtime': 0.958, 'eval_samples_per_second': 2599.113, 'eval_steps_per_second': 20.876, 'epoch': 45.0}
{'loss': 1.0821, 'learning_rate': 2e-05, 'epoch': 46.0}
              precision    recall  f1-score   support

           0       0.51      0.31      0.39       830
           1       0.44      0.62      0.51       830
           2       0.48      0.47      0.48       830

    accuracy                           0.47      2490
   macro avg       0.48      0.47      0.46      2490
weighted avg       0.48      0.47      0.46      2490

{'eval_loss': 1.0586570501327515, 'eval_accuracy': 0.4666666666666667, 'eval_runtime': 0.9593, 'eval_samples_per_second': 2595.669, 'eval_steps_per_second': 20.849, 'epoch': 46.0}
{'loss': 1.0713, 'learning_rate': 2e-05, 'epoch': 47.0}
              precision    recall  f1-score   support

           0       0.52      0.31      0.39       830
           1       0.43      0.63      0.51       830
           2       0.48      0.45      0.47       830

    accuracy                           0.46      2490
   macro avg       0.48      0.46      0.46      2490
weighted avg       0.48      0.46      0.46      2490

{'eval_loss': 1.0584310293197632, 'eval_accuracy': 0.4646586345381526, 'eval_runtime': 0.9042, 'eval_samples_per_second': 2753.828, 'eval_steps_per_second': 22.119, 'epoch': 47.0}
{'loss': 1.0778, 'learning_rate': 2e-05, 'epoch': 48.0}
              precision    recall  f1-score   support

           0       0.40      0.72      0.51       830
           1       0.45      0.42      0.43       830
           2       0.67      0.17      0.28       830

    accuracy                           0.44      2490
   macro avg       0.51      0.44      0.41      2490
weighted avg       0.51      0.44      0.41      2490

{'eval_loss': 1.0658994913101196, 'eval_accuracy': 0.43654618473895584, 'eval_runtime': 0.9052, 'eval_samples_per_second': 2750.705, 'eval_steps_per_second': 22.094, 'epoch': 48.0}
{'loss': 1.0772, 'learning_rate': 2e-05, 'epoch': 49.0}
              precision    recall  f1-score   support

           0       0.42      0.52      0.47       830
           1       0.42      0.63      0.51       830
           2       0.68      0.19      0.30       830

    accuracy                           0.45      2490
   macro avg       0.51      0.45      0.42      2490
weighted avg       0.51      0.45      0.42      2490

{'eval_loss': 1.0565530061721802, 'eval_accuracy': 0.4465863453815261, 'eval_runtime': 0.9075, 'eval_samples_per_second': 2743.74, 'eval_steps_per_second': 22.038, 'epoch': 49.0}
{'loss': 1.0739, 'learning_rate': 2e-05, 'epoch': 50.0}
              precision    recall  f1-score   support

           0       0.47      0.44      0.45       830
           1       0.42      0.67      0.52       830
           2       0.59      0.30      0.39       830

    accuracy                           0.47      2490
   macro avg       0.49      0.47      0.46      2490
weighted avg       0.49      0.47      0.46      2490

{'eval_loss': 1.0561922788619995, 'eval_accuracy': 0.4666666666666667, 'eval_runtime': 0.9076, 'eval_samples_per_second': 2743.586, 'eval_steps_per_second': 22.037, 'epoch': 50.0}
{'loss': 1.08, 'learning_rate': 2e-05, 'epoch': 51.0}
              precision    recall  f1-score   support

           0       0.44      0.56      0.49       830
           1       0.44      0.43      0.44       830
           2       0.50      0.37      0.43       830

    accuracy                           0.46      2490
   macro avg       0.46      0.46      0.45      2490
weighted avg       0.46      0.46      0.45      2490

{'eval_loss': 1.060484528541565, 'eval_accuracy': 0.45502008032128516, 'eval_runtime': 0.9201, 'eval_samples_per_second': 2706.278, 'eval_steps_per_second': 21.737, 'epoch': 51.0}
{'loss': 1.0839, 'learning_rate': 2e-05, 'epoch': 52.0}
              precision    recall  f1-score   support

           0       0.49      0.39      0.44       830
           1       0.44      0.62      0.51       830
           2       0.52      0.41      0.46       830

    accuracy                           0.47      2490
   macro avg       0.48      0.47      0.47      2490
weighted avg       0.48      0.47      0.47      2490

{'eval_loss': 1.0553783178329468, 'eval_accuracy': 0.4738955823293173, 'eval_runtime': 0.9503, 'eval_samples_per_second': 2620.26, 'eval_steps_per_second': 21.046, 'epoch': 52.0}
{'loss': 1.0752, 'learning_rate': 2e-05, 'epoch': 53.0}
              precision    recall  f1-score   support

           0       0.48      0.41      0.44       830
           1       0.43      0.64      0.52       830
           2       0.54      0.37      0.44       830

    accuracy                           0.47      2490
   macro avg       0.49      0.47      0.46      2490
weighted avg       0.49      0.47      0.46      2490

{'eval_loss': 1.0550159215927124, 'eval_accuracy': 0.4710843373493976, 'eval_runtime': 0.9074, 'eval_samples_per_second': 2744.246, 'eval_steps_per_second': 22.042, 'epoch': 53.0}
{'loss': 1.0732, 'learning_rate': 2e-05, 'epoch': 54.0}
              precision    recall  f1-score   support

           0       0.46      0.48      0.47       830
           1       0.45      0.56      0.50       830
           2       0.53      0.38      0.44       830

    accuracy                           0.47      2490
   macro avg       0.48      0.47      0.47      2490
weighted avg       0.48      0.47      0.47      2490

{'eval_loss': 1.054721474647522, 'eval_accuracy': 0.4714859437751004, 'eval_runtime': 0.9029, 'eval_samples_per_second': 2757.7, 'eval_steps_per_second': 22.15, 'epoch': 54.0}
{'loss': 1.0704, 'learning_rate': 2e-05, 'epoch': 55.0}
              precision    recall  f1-score   support

           0       0.44      0.50      0.47       830
           1       0.44      0.60      0.50       830
           2       0.58      0.29      0.39       830

    accuracy                           0.46      2490
   macro avg       0.49      0.46      0.45      2490
weighted avg       0.49      0.46      0.45      2490

{'eval_loss': 1.0540140867233276, 'eval_accuracy': 0.4614457831325301, 'eval_runtime': 0.9098, 'eval_samples_per_second': 2736.9, 'eval_steps_per_second': 21.983, 'epoch': 55.0}
{'loss': 1.079, 'learning_rate': 2e-05, 'epoch': 56.0}
              precision    recall  f1-score   support

           0       0.47      0.45      0.46       830
           1       0.44      0.60      0.51       830
           2       0.55      0.38      0.45       830

    accuracy                           0.48      2490
   macro avg       0.49      0.48      0.47      2490
weighted avg       0.49      0.48      0.47      2490

{'eval_loss': 1.0534905195236206, 'eval_accuracy': 0.47670682730923697, 'eval_runtime': 0.8954, 'eval_samples_per_second': 2780.808, 'eval_steps_per_second': 22.336, 'epoch': 56.0}
{'loss': 1.0784, 'learning_rate': 2e-05, 'epoch': 57.0}
              precision    recall  f1-score   support

           0       0.46      0.46      0.46       830
           1       0.42      0.70      0.52       830
           2       0.63      0.21      0.32       830

    accuracy                           0.46      2490
   macro avg       0.50      0.46      0.43      2490
weighted avg       0.50      0.46      0.43      2490

{'eval_loss': 1.0554072856903076, 'eval_accuracy': 0.45582329317269077, 'eval_runtime': 0.9065, 'eval_samples_per_second': 2746.907, 'eval_steps_per_second': 22.064, 'epoch': 57.0}
{'loss': 1.0801, 'learning_rate': 2e-05, 'epoch': 58.0}
              precision    recall  f1-score   support

           0       0.41      0.59      0.48       830
           1       0.42      0.60      0.50       830
           2       0.81      0.11      0.19       830

    accuracy                           0.43      2490
   macro avg       0.55      0.43      0.39      2490
weighted avg       0.55      0.43      0.39      2490

{'eval_loss': 1.0573986768722534, 'eval_accuracy': 0.43373493975903615, 'eval_runtime': 0.8996, 'eval_samples_per_second': 2767.919, 'eval_steps_per_second': 22.232, 'epoch': 58.0}
{'loss': 1.0765, 'learning_rate': 2e-05, 'epoch': 59.0}
              precision    recall  f1-score   support

           0       0.41      0.56      0.48       830
           1       0.43      0.61      0.50       830
           2       0.73      0.15      0.25       830

    accuracy                           0.44      2490
   macro avg       0.52      0.44      0.41      2490
weighted avg       0.52      0.44      0.41      2490

{'eval_loss': 1.0551058053970337, 'eval_accuracy': 0.44136546184738956, 'eval_runtime': 0.9021, 'eval_samples_per_second': 2760.195, 'eval_steps_per_second': 22.17, 'epoch': 59.0}
{'loss': 1.0723, 'learning_rate': 2e-05, 'epoch': 60.0}
              precision    recall  f1-score   support

           0       0.42      0.54      0.48       830
           1       0.44      0.58      0.50       830
           2       0.62      0.25      0.36       830

    accuracy                           0.46      2490
   macro avg       0.49      0.46      0.44      2490
weighted avg       0.49      0.46      0.44      2490

{'eval_loss': 1.053364872932434, 'eval_accuracy': 0.4566265060240964, 'eval_runtime': 0.9012, 'eval_samples_per_second': 2763.055, 'eval_steps_per_second': 22.193, 'epoch': 60.0}
{'loss': 1.0704, 'learning_rate': 2e-05, 'epoch': 61.0}
              precision    recall  f1-score   support

           0       0.49      0.40      0.44       830
           1       0.42      0.67      0.52       830
           2       0.57      0.34      0.43       830

    accuracy                           0.47      2490
   macro avg       0.49      0.47      0.46      2490
weighted avg       0.49      0.47      0.46      2490

{'eval_loss': 1.0537397861480713, 'eval_accuracy': 0.4710843373493976, 'eval_runtime': 0.8994, 'eval_samples_per_second': 2768.662, 'eval_steps_per_second': 22.238, 'epoch': 61.0}
{'loss': 1.0888, 'learning_rate': 2e-05, 'epoch': 62.0}
              precision    recall  f1-score   support

           0       0.47      0.44      0.46       830
           1       0.45      0.55      0.50       830
           2       0.52      0.44      0.48       830

    accuracy                           0.48      2490
   macro avg       0.48      0.48      0.48      2490
weighted avg       0.48      0.48      0.48      2490

{'eval_loss': 1.052345871925354, 'eval_accuracy': 0.478714859437751, 'eval_runtime': 0.8965, 'eval_samples_per_second': 2777.586, 'eval_steps_per_second': 22.31, 'epoch': 62.0}
{'loss': 1.0693, 'learning_rate': 2e-05, 'epoch': 63.0}
              precision    recall  f1-score   support

           0       0.49      0.42      0.45       830
           1       0.45      0.59      0.51       830
           2       0.54      0.45      0.49       830

    accuracy                           0.49      2490
   macro avg       0.49      0.49      0.48      2490
weighted avg       0.49      0.49      0.48      2490

{'eval_loss': 1.0519524812698364, 'eval_accuracy': 0.485140562248996, 'eval_runtime': 0.9087, 'eval_samples_per_second': 2740.227, 'eval_steps_per_second': 22.01, 'epoch': 63.0}
{'loss': 1.077, 'learning_rate': 2e-05, 'epoch': 64.0}
              precision    recall  f1-score   support

           0       0.49      0.37      0.42       830
           1       0.45      0.54      0.49       830
           2       0.48      0.49      0.49       830

    accuracy                           0.47      2490
   macro avg       0.47      0.47      0.47      2490
weighted avg       0.47      0.47      0.47      2490

{'eval_loss': 1.0525717735290527, 'eval_accuracy': 0.4706827309236948, 'eval_runtime': 0.9014, 'eval_samples_per_second': 2762.22, 'eval_steps_per_second': 22.187, 'epoch': 64.0}
{'loss': 1.0763, 'learning_rate': 2e-05, 'epoch': 65.0}
              precision    recall  f1-score   support

           0       0.42      0.58      0.49       830
           1       0.44      0.56      0.49       830
           2       0.66      0.23      0.34       830

    accuracy                           0.46      2490
   macro avg       0.51      0.46      0.44      2490
weighted avg       0.51      0.46      0.44      2490

{'eval_loss': 1.0534013509750366, 'eval_accuracy': 0.45502008032128516, 'eval_runtime': 0.9161, 'eval_samples_per_second': 2718.117, 'eval_steps_per_second': 21.832, 'epoch': 65.0}
{'loss': 1.0778, 'learning_rate': 2e-05, 'epoch': 66.0}
              precision    recall  f1-score   support

           0       0.47      0.44      0.46       830
           1       0.42      0.69      0.52       830
           2       0.61      0.26      0.37       830

    accuracy                           0.46      2490
   macro avg       0.50      0.46      0.45      2490
weighted avg       0.50      0.46      0.45      2490

{'eval_loss': 1.052879810333252, 'eval_accuracy': 0.4646586345381526, 'eval_runtime': 0.8979, 'eval_samples_per_second': 2773.255, 'eval_steps_per_second': 22.275, 'epoch': 66.0}
{'loss': 1.0771, 'learning_rate': 2e-05, 'epoch': 67.0}
              precision    recall  f1-score   support

           0       0.50      0.36      0.42       830
           1       0.45      0.55      0.49       830
           2       0.48      0.51      0.49       830

    accuracy                           0.47      2490
   macro avg       0.48      0.47      0.47      2490
weighted avg       0.48      0.47      0.47      2490

{'eval_loss': 1.0518189668655396, 'eval_accuracy': 0.47269076305220886, 'eval_runtime': 0.897, 'eval_samples_per_second': 2775.978, 'eval_steps_per_second': 22.297, 'epoch': 67.0}
{'loss': 1.0738, 'learning_rate': 2e-05, 'epoch': 68.0}
              precision    recall  f1-score   support

           0       0.48      0.44      0.46       830
           1       0.44      0.61      0.51       830
           2       0.56      0.39      0.46       830

    accuracy                           0.48      2490
   macro avg       0.49      0.48      0.48      2490
weighted avg       0.49      0.48      0.48      2490

{'eval_loss': 1.0501612424850464, 'eval_accuracy': 0.4807228915662651, 'eval_runtime': 0.9002, 'eval_samples_per_second': 2766.171, 'eval_steps_per_second': 22.218, 'epoch': 68.0}
{'loss': 1.0719, 'learning_rate': 2e-05, 'epoch': 69.0}
              precision    recall  f1-score   support

           0       0.49      0.42      0.45       830
           1       0.45      0.57      0.50       830
           2       0.53      0.47      0.49       830

    accuracy                           0.48      2490
   macro avg       0.49      0.48      0.48      2490
weighted avg       0.49      0.48      0.48      2490

{'eval_loss': 1.050199270248413, 'eval_accuracy': 0.4847389558232932, 'eval_runtime': 0.8974, 'eval_samples_per_second': 2774.79, 'eval_steps_per_second': 22.287, 'epoch': 69.0}
{'loss': 1.076, 'learning_rate': 2e-05, 'epoch': 70.0}
              precision    recall  f1-score   support

           0       0.48      0.44      0.46       830
           1       0.43      0.65      0.52       830
           2       0.57      0.33      0.42       830

    accuracy                           0.47      2490
   macro avg       0.50      0.47      0.47      2490
weighted avg       0.50      0.47      0.47      2490

{'eval_loss': 1.0498775243759155, 'eval_accuracy': 0.4746987951807229, 'eval_runtime': 0.8975, 'eval_samples_per_second': 2774.521, 'eval_steps_per_second': 22.285, 'epoch': 70.0}
{'loss': 1.0776, 'learning_rate': 2e-05, 'epoch': 71.0}
              precision    recall  f1-score   support

           0       0.48      0.43      0.45       830
           1       0.45      0.56      0.50       830
           2       0.52      0.46      0.49       830

    accuracy                           0.48      2490
   macro avg       0.48      0.48      0.48      2490
weighted avg       0.48      0.48      0.48      2490

{'eval_loss': 1.0499364137649536, 'eval_accuracy': 0.4815261044176707, 'eval_runtime': 0.9022, 'eval_samples_per_second': 2759.771, 'eval_steps_per_second': 22.167, 'epoch': 71.0}
{'loss': 1.0718, 'learning_rate': 2e-05, 'epoch': 72.0}
              precision    recall  f1-score   support

           0       0.46      0.48      0.47       830
           1       0.44      0.61      0.51       830
           2       0.59      0.33      0.42       830

    accuracy                           0.47      2490
   macro avg       0.50      0.47      0.47      2490
weighted avg       0.50      0.47      0.47      2490

{'eval_loss': 1.0488567352294922, 'eval_accuracy': 0.4746987951807229, 'eval_runtime': 0.901, 'eval_samples_per_second': 2763.462, 'eval_steps_per_second': 22.196, 'epoch': 72.0}
{'loss': 1.0738, 'learning_rate': 2e-05, 'epoch': 73.0}
              precision    recall  f1-score   support

           0       0.50      0.38      0.43       830
           1       0.42      0.70      0.53       830
           2       0.58      0.34      0.43       830

    accuracy                           0.47      2490
   macro avg       0.50      0.47      0.46      2490
weighted avg       0.50      0.47      0.46      2490

{'eval_loss': 1.0517072677612305, 'eval_accuracy': 0.4746987951807229, 'eval_runtime': 0.9067, 'eval_samples_per_second': 2746.085, 'eval_steps_per_second': 22.057, 'epoch': 73.0}
{'loss': 1.0729, 'learning_rate': 2e-05, 'epoch': 74.0}
              precision    recall  f1-score   support

           0       0.41      0.65      0.50       830
           1       0.45      0.51      0.48       830
           2       0.73      0.18      0.29       830

    accuracy                           0.45      2490
   macro avg       0.53      0.45      0.42      2490
weighted avg       0.53      0.45      0.42      2490

{'eval_loss': 1.05451500415802, 'eval_accuracy': 0.4493975903614458, 'eval_runtime': 0.9139, 'eval_samples_per_second': 2724.495, 'eval_steps_per_second': 21.883, 'epoch': 74.0}
{'loss': 1.0694, 'learning_rate': 2e-05, 'epoch': 75.0}
              precision    recall  f1-score   support

           0       0.51      0.32      0.40       830
           1       0.46      0.52      0.49       830
           2       0.45      0.56      0.50       830

    accuracy                           0.47      2490
   macro avg       0.47      0.47      0.46      2490
weighted avg       0.47      0.47      0.46      2490

{'eval_loss': 1.0505553483963013, 'eval_accuracy': 0.4666666666666667, 'eval_runtime': 0.9021, 'eval_samples_per_second': 2760.285, 'eval_steps_per_second': 22.171, 'epoch': 75.0}
{'loss': 1.0753, 'learning_rate': 2e-05, 'epoch': 76.0}
              precision    recall  f1-score   support

           0       0.42      0.56      0.48       830
           1       0.42      0.66      0.51       830
           2       0.88      0.09      0.17       830

    accuracy                           0.44      2490
   macro avg       0.57      0.44      0.39      2490
weighted avg       0.57      0.44      0.39      2490

{'eval_loss': 1.0555236339569092, 'eval_accuracy': 0.43694779116465865, 'eval_runtime': 0.9003, 'eval_samples_per_second': 2765.866, 'eval_steps_per_second': 22.216, 'epoch': 76.0}
{'loss': 1.0756, 'learning_rate': 2e-05, 'epoch': 77.0}
              precision    recall  f1-score   support

           0       0.47      0.46      0.46       830
           1       0.45      0.49      0.47       830
           2       0.50      0.47      0.48       830

    accuracy                           0.47      2490
   macro avg       0.47      0.47      0.47      2490
weighted avg       0.47      0.47      0.47      2490

{'eval_loss': 1.0497034788131714, 'eval_accuracy': 0.47309236947791167, 'eval_runtime': 0.9039, 'eval_samples_per_second': 2754.686, 'eval_steps_per_second': 22.126, 'epoch': 77.0}
{'loss': 1.08, 'learning_rate': 2e-05, 'epoch': 78.0}
              precision    recall  f1-score   support

           0       0.42      0.56      0.48       830
           1       0.42      0.65      0.51       830
           2       0.88      0.09      0.17       830

    accuracy                           0.43      2490
   macro avg       0.57      0.43      0.39      2490
weighted avg       0.57      0.43      0.39      2490

{'eval_loss': 1.055329442024231, 'eval_accuracy': 0.43413654618473896, 'eval_runtime': 0.8949, 'eval_samples_per_second': 2782.474, 'eval_steps_per_second': 22.349, 'epoch': 78.0}
{'loss': 1.0736, 'learning_rate': 2e-05, 'epoch': 79.0}
              precision    recall  f1-score   support

           0       0.46      0.49      0.47       830
           1       0.45      0.56      0.50       830
           2       0.56      0.39      0.46       830

    accuracy                           0.48      2490
   macro avg       0.49      0.48      0.48      2490
weighted avg       0.49      0.48      0.48      2490

{'eval_loss': 1.0478606224060059, 'eval_accuracy': 0.4791164658634538, 'eval_runtime': 0.8956, 'eval_samples_per_second': 2780.211, 'eval_steps_per_second': 22.331, 'epoch': 79.0}
{'loss': 1.074, 'learning_rate': 2e-05, 'epoch': 80.0}
              precision    recall  f1-score   support

           0       0.46      0.47      0.47       830
           1       0.44      0.64      0.52       830
           2       0.59      0.32      0.42       830

    accuracy                           0.48      2490
   macro avg       0.50      0.48      0.47      2490
weighted avg       0.50      0.48      0.47      2490

{'eval_loss': 1.0470449924468994, 'eval_accuracy': 0.4755020080321285, 'eval_runtime': 0.8989, 'eval_samples_per_second': 2770.124, 'eval_steps_per_second': 22.25, 'epoch': 80.0}
{'train_runtime': 432.9253, 'train_samples_per_second': 460.126, 'train_steps_per_second': 3.696, 'train_loss': 1.0837097477912903, 'epoch': 80.0}
